<?xml version="1.0" encoding="UTF-8"?>
<testsuite xmlns:xsi="http://www.w3.org/2001/XMLSchema-instance" xsi:noNamespaceSchemaLocation="https://maven.apache.org/surefire/maven-surefire-plugin/xsd/surefire-test-report-3.0.xsd" version="3.0" name="com.salon.auth.AuthServicePropertyTest" time="1.744" tests="4" errors="4" skipped="0" failures="0">
  <properties>
[...]
</properties>
  <testcase name="unregisteredEmailReturns401OnLogin" classname="com.salon.auth.AuthServicePropertyTest" time="0.598">
    <error message="Failed to load ApplicationContext for [WebMergedContextConfiguration@6a82901d testClass = com.salon.auth.AuthServicePropertyTest, locations = [], classes = [com.salon.SalonManagementApplication], contextInitializerClasses = [], activeProfiles = [&quot;test&quot;], propertySourceLocations = [], propertySourceProperties = [&quot;org.springframework.boot.test.context.SpringBootTestContextBootstrapper=true&quot;], contextCustomizers = [org.springframework.boot.test.context.filter.ExcludeFilterContextCustomizer@3440e9cd, org.springframework.boot.test.json.DuplicateJsonObjectContextCustomizerFactory$DuplicateJsonObjectContextCustomizer@1163a27, org.springframework.boot.test.mock.mockito.MockitoContextCustomizer@0, org.springframework.boot.test.web.client.TestRestTemplateContextCustomizer@3e5b2630, org.springframework.boot.test.autoconfigure.actuate.observability.ObservabilityContextCustomizerFactory$DisableObservabilityContextCustomizer@1f, org.springframework.boot.test.autoconfigure.properties.PropertyMappingContextCustomizer@0, org.springframework.boot.test.autoconfigure.web.servlet.WebDriverContextCustomizer@713ec32d, org.springframework.boot.test.context.SpringBootTestAnnotation@34dfaa41], resourceBasePath = &quot;src/main/webapp&quot;, contextLoader = org.springframework.boot.test.context.SpringBootContextLoader, parent = null]" type="java.lang.IllegalStateException"><![CDATA[java.lang.IllegalStateException: Failed to load ApplicationContext for [WebMergedContextConfiguration@6a82901d testClass = com.salon.auth.AuthServicePropertyTest, locations = [], classes = [com.salon.SalonManagementApplication], contextInitializerClasses = [], activeProfiles = ["test"], propertySourceLocations = [], propertySourceProperties = ["org.springframework.boot.test.context.SpringBootTestContextBootstrapper=true"], contextCustomizers = [org.springframework.boot.test.context.filter.ExcludeFilterContextCustomizer@3440e9cd, org.springframework.boot.test.json.DuplicateJsonObjectContextCustomizerFactory$DuplicateJsonObjectContextCustomizer@1163a27, org.springframework.boot.test.mock.mockito.MockitoContextCustomizer@0, org.springframework.boot.test.web.client.TestRestTemplateContextCustomizer@3e5b2630, org.springframework.boot.test.autoconfigure.actuate.observability.ObservabilityContextCustomizerFactory$DisableObservabilityContextCustomizer@1f, org.springframework.boot.test.autoconfigure.properties.PropertyMappingContextCustomizer@0, org.springframework.boot.test.autoconfigure.web.servlet.WebDriverContextCustomizer@713ec32d, org.springframework.boot.test.context.SpringBootTestAnnotation@34dfaa41], resourceBasePath = "src/main/webapp", contextLoader = org.springframework.boot.test.context.SpringBootContextLoader, parent = null]
	at org.springframework.test.context.cache.DefaultCacheAwareContextLoaderDelegate.loadContext(DefaultCacheAwareContextLoaderDelegate.java:143)
	at org.springframework.test.context.support.DefaultTestContext.getApplicationContext(DefaultTestContext.java:127)
	at org.springframework.test.context.web.ServletTestExecutionListener.setUpRequestContextIfNecessary(ServletTestExecutionListener.java:191)
	at org.springframework.test.context.web.ServletTestExecutionListener.prepareTestInstance(ServletTestExecutionListener.java:130)
	at org.springframework.test.context.TestContextManager.prepareTestInstance(TestContextManager.java:241)
	at net.jqwik.spring.OutsideLifecycleMethodsHook.lambda$prepareTestInstance$1(OutsideLifecycleMethodsHook.java:46)
	at net.jqwik.spring.JqwikSpringReflectionSupport.applyToInstances(JqwikSpringReflectionSupport.java:20)
	at net.jqwik.spring.OutsideLifecycleMethodsHook.prepareTestInstance(OutsideLifecycleMethodsHook.java:44)
	at net.jqwik.spring.OutsideLifecycleMethodsHook.aroundTry(OutsideLifecycleMethodsHook.java:22)
	at net.jqwik.engine.execution.lifecycle.HookSupport.lambda$wrap$3(HookSupport.java:53)
	at net.jqwik.engine.execution.lifecycle.HookSupport.lambda$wrap$2(HookSupport.java:48)
	at net.jqwik.engine.hooks.lifecycle.BeforeTryMembersHook.aroundTry(BeforeTryMembersHook.java:69)
	at net.jqwik.engine.execution.lifecycle.HookSupport.lambda$wrap$3(HookSupport.java:53)
	at net.jqwik.engine.execution.CheckedPropertyFactory.lambda$createTryExecutor$0(CheckedPropertyFactory.java:60)
	at net.jqwik.engine.execution.lifecycle.AroundTryLifecycle.execute(AroundTryLifecycle.java:23)
	at net.jqwik.engine.properties.GenericProperty.testPredicate(GenericProperty.java:166)
	at net.jqwik.engine.properties.GenericProperty.check(GenericProperty.java:68)
	at net.jqwik.engine.execution.CheckedProperty.check(CheckedProperty.java:67)
	at net.jqwik.engine.execution.PropertyMethodExecutor.executeProperty(PropertyMethodExecutor.java:90)
	at net.jqwik.engine.execution.PropertyMethodExecutor.executeMethod(PropertyMethodExecutor.java:69)
	at net.jqwik.engine.execution.PropertyMethodExecutor.lambda$execute$0(PropertyMethodExecutor.java:49)
	at net.jqwik.api.lifecycle.AroundPropertyHook.lambda$static$0(AroundPropertyHook.java:46)
	at net.jqwik.engine.execution.lifecycle.HookSupport.lambda$wrap$0(HookSupport.java:26)
	at net.jqwik.api.lifecycle.PropertyExecutor.executeAndFinally(PropertyExecutor.java:39)
	at net.jqwik.engine.hooks.lifecycle.PropertyLifecycleMethodsHook.aroundProperty(PropertyLifecycleMethodsHook.java:56)
	at net.jqwik.engine.execution.lifecycle.HookSupport.lambda$wrap$1(HookSupport.java:31)
	at net.jqwik.engine.execution.lifecycle.HookSupport.lambda$wrap$0(HookSupport.java:26)
	at net.jqwik.engine.hooks.statistics.StatisticsHook.aroundProperty(StatisticsHook.java:37)
	at net.jqwik.engine.execution.lifecycle.HookSupport.lambda$wrap$1(HookSupport.java:31)
	at net.jqwik.engine.execution.lifecycle.HookSupport.lambda$wrap$0(HookSupport.java:26)
	at net.jqwik.engine.hooks.lifecycle.AutoCloseableHook.aroundProperty(AutoCloseableHook.java:13)
	at net.jqwik.engine.execution.lifecycle.HookSupport.lambda$wrap$1(HookSupport.java:31)
	at net.jqwik.engine.execution.PropertyMethodExecutor.execute(PropertyMethodExecutor.java:47)
	at net.jqwik.engine.execution.PropertyTaskCreator.executeTestMethod(PropertyTaskCreator.java:166)
	at net.jqwik.engine.execution.PropertyTaskCreator.lambda$createTask$1(PropertyTaskCreator.java:51)
	at net.jqwik.engine.execution.lifecycle.CurrentDomainContext.runWithContext(CurrentDomainContext.java:28)
	at net.jqwik.engine.execution.PropertyTaskCreator.lambda$createTask$2(PropertyTaskCreator.java:50)
	at net.jqwik.engine.execution.pipeline.ExecutionTask$1.lambda$execute$0(ExecutionTask.java:31)
	at net.jqwik.engine.execution.lifecycle.CurrentTestDescriptor.runWithDescriptor(CurrentTestDescriptor.java:17)
	at net.jqwik.engine.execution.pipeline.ExecutionTask$1.execute(ExecutionTask.java:31)
	at net.jqwik.engine.execution.pipeline.ExecutionPipeline.runToTermination(ExecutionPipeline.java:82)
	at net.jqwik.engine.execution.JqwikExecutor.execute(JqwikExecutor.java:46)
	at net.jqwik.engine.JqwikTestEngine.executeTests(JqwikTestEngine.java:70)
	at net.jqwik.engine.JqwikTestEngine.execute(JqwikTestEngine.java:53)
	at org.junit.platform.launcher.core.EngineExecutionOrchestrator.execute(EngineExecutionOrchestrator.java:147)
	at org.junit.platform.launcher.core.EngineExecutionOrchestrator.execute(EngineExecutionOrchestrator.java:127)
	at org.junit.platform.launcher.core.EngineExecutionOrchestrator.execute(EngineExecutionOrchestrator.java:90)
	at org.junit.platform.launcher.core.EngineExecutionOrchestrator.lambda$execute$0(EngineExecutionOrchestrator.java:55)
	at org.junit.platform.launcher.core.EngineExecutionOrchestrator.withInterceptedStreams(EngineExecutionOrchestrator.java:102)
	at org.junit.platform.launcher.core.EngineExecutionOrchestrator.execute(EngineExecutionOrchestrator.java:54)
	at org.junit.platform.launcher.core.DefaultLauncher.execute(DefaultLauncher.java:114)
	at org.junit.platform.launcher.core.DefaultLauncher.execute(DefaultLauncher.java:86)
	at org.junit.platform.launcher.core.DefaultLauncherSession$DelegatingLauncher.execute(DefaultLauncherSession.java:86)
	at org.apache.maven.surefire.junitplatform.LazyLauncher.execute(LazyLauncher.java:50)
	at org.apache.maven.surefire.junitplatform.JUnitPlatformProvider.execute(JUnitPlatformProvider.java:184)
	at org.apache.maven.surefire.junitplatform.JUnitPlatformProvider.invokeAllTests(JUnitPlatformProvider.java:148)
	at org.apache.maven.surefire.junitplatform.JUnitPlatformProvider.invoke(JUnitPlatformProvider.java:122)
	at org.apache.maven.surefire.booter.ForkedBooter.runSuitesInProcess(ForkedBooter.java:385)
	at org.apache.maven.surefire.booter.ForkedBooter.execute(ForkedBooter.java:162)
	at org.apache.maven.surefire.booter.ForkedBooter.run(ForkedBooter.java:507)
	at org.apache.maven.surefire.booter.ForkedBooter.main(ForkedBooter.java:495)
Caused by: org.springframework.beans.factory.UnsatisfiedDependencyException: Error creating bean with name 'databaseMigrationRunner' defined in file [C:\Users\JAYANTH\Desktop\Glambook\backend\target\classes\com\salon\config\DatabaseMigrationRunner.class]: Unsatisfied dependency expressed through constructor parameter 0: Error creating bean with name 'dataSourceScriptDatabaseInitializer' defined in class path resource [org/springframework/boot/autoconfigure/sql/init/DataSourceInitializationConfiguration.class]: Failed to execute SQL script statement #1 of class path resource [fresh_setup.sql]: USE glambook
	at org.springframework.beans.factory.support.ConstructorResolver.createArgumentArray(ConstructorResolver.java:801)
	at org.springframework.beans.factory.support.ConstructorResolver.autowireConstructor(ConstructorResolver.java:240)
	at org.springframework.beans.factory.support.AbstractAutowireCapableBeanFactory.autowireConstructor(AbstractAutowireCapableBeanFactory.java:1352)
	at org.springframework.beans.factory.support.AbstractAutowireCapableBeanFactory.createBeanInstance(AbstractAutowireCapableBeanFactory.java:1189)
	at org.springframework.beans.factory.support.AbstractAutowireCapableBeanFactory.doCreateBean(AbstractAutowireCapableBeanFactory.java:560)
	at org.springframework.beans.factory.support.AbstractAutowireCapableBeanFactory.createBean(AbstractAutowireCapableBeanFactory.java:520)
	at org.springframework.beans.factory.support.AbstractBeanFactory.lambda$doGetBean$0(AbstractBeanFactory.java:325)
	at org.springframework.beans.factory.support.DefaultSingletonBeanRegistry.getSingleton(DefaultSingletonBeanRegistry.java:234)
	at org.springframework.beans.factory.support.AbstractBeanFactory.doGetBean(AbstractBeanFactory.java:323)
	at org.springframework.beans.factory.support.AbstractBeanFactory.getBean(AbstractBeanFactory.java:199)
	at org.springframework.beans.factory.support.DefaultListableBeanFactory.preInstantiateSingletons(DefaultListableBeanFactory.java:973)
	at org.springframework.context.support.AbstractApplicationContext.finishBeanFactoryInitialization(AbstractApplicationContext.java:950)
	at org.springframework.context.support.AbstractApplicationContext.refresh(AbstractApplicationContext.java:616)
	at org.springframework.boot.SpringApplication.refresh(SpringApplication.java:738)
	at org.springframework.boot.SpringApplication.refreshContext(SpringApplication.java:440)
	at org.springframework.boot.SpringApplication.run(SpringApplication.java:316)
	at org.springframework.boot.test.context.SpringBootContextLoader.lambda$loadContext$3(SpringBootContextLoader.java:137)
	at org.springframework.util.function.ThrowingSupplier.get(ThrowingSupplier.java:58)
	at org.springframework.util.function.ThrowingSupplier.get(ThrowingSupplier.java:46)
	at org.springframework.boot.SpringApplication.withHook(SpringApplication.java:1406)
	at org.springframework.boot.test.context.SpringBootContextLoader$ContextLoaderHook.run(SpringBootContextLoader.java:545)
	at org.springframework.boot.test.context.SpringBootContextLoader.loadContext(SpringBootContextLoader.java:137)
	at org.springframework.boot.test.context.SpringBootContextLoader.loadContext(SpringBootContextLoader.java:108)
	at org.springframework.test.context.cache.DefaultCacheAwareContextLoaderDelegate.loadContextInternal(DefaultCacheAwareContextLoaderDelegate.java:187)
	at org.springframework.test.context.cache.DefaultCacheAwareContextLoaderDelegate.loadContext(DefaultCacheAwareContextLoaderDelegate.java:119)
	... 60 more
Caused by: org.springframework.beans.factory.BeanCreationException: Error creating bean with name 'dataSourceScriptDatabaseInitializer' defined in class path resource [org/springframework/boot/autoconfigure/sql/init/DataSourceInitializationConfiguration.class]: Failed to execute SQL script statement #1 of class path resource [fresh_setup.sql]: USE glambook
	at org.springframework.beans.factory.support.AbstractAutowireCapableBeanFactory.initializeBean(AbstractAutowireCapableBeanFactory.java:1770)
	at org.springframework.beans.factory.support.AbstractAutowireCapableBeanFactory.doCreateBean(AbstractAutowireCapableBeanFactory.java:598)
	at org.springframework.beans.factory.support.AbstractAutowireCapableBeanFactory.createBean(AbstractAutowireCapableBeanFactory.java:520)
	at org.springframework.beans.factory.support.AbstractBeanFactory.lambda$doGetBean$0(AbstractBeanFactory.java:325)
	at org.springframework.beans.factory.support.DefaultSingletonBeanRegistry.getSingleton(DefaultSingletonBeanRegistry.java:234)
	at org.springframework.beans.factory.support.AbstractBeanFactory.doGetBean(AbstractBeanFactory.java:323)
	at org.springframework.beans.factory.support.AbstractBeanFactory.getBean(AbstractBeanFactory.java:199)
	at org.springframework.beans.factory.support.AbstractBeanFactory.doGetBean(AbstractBeanFactory.java:312)
	at org.springframework.beans.factory.support.AbstractBeanFactory.getBean(AbstractBeanFactory.java:199)
	at org.springframework.beans.factory.config.DependencyDescriptor.resolveCandidate(DependencyDescriptor.java:254)
	at org.springframework.beans.factory.support.DefaultListableBeanFactory.doResolveDependency(DefaultListableBeanFactory.java:1417)
	at org.springframework.beans.factory.support.DefaultListableBeanFactory.resolveDependency(DefaultListableBeanFactory.java:1337)
	at org.springframework.beans.factory.support.ConstructorResolver.resolveAutowiredArgument(ConstructorResolver.java:910)
	at org.springframework.beans.factory.support.ConstructorResolver.createArgumentArray(ConstructorResolver.java:788)
	... 84 more
Caused by: org.springframework.jdbc.datasource.init.ScriptStatementFailedException: Failed to execute SQL script statement #1 of class path resource [fresh_setup.sql]: USE glambook
	at org.springframework.jdbc.datasource.init.ScriptUtils.executeSqlScript(ScriptUtils.java:282)
	at org.springframework.jdbc.datasource.init.ResourceDatabasePopulator.populate(ResourceDatabasePopulator.java:254)
	at org.springframework.jdbc.datasource.init.DatabasePopulatorUtils.execute(DatabasePopulatorUtils.java:54)
	at org.springframework.boot.jdbc.init.DataSourceScriptDatabaseInitializer.runScripts(DataSourceScriptDatabaseInitializer.java:87)
	at org.springframework.boot.sql.init.AbstractScriptDatabaseInitializer.runScripts(AbstractScriptDatabaseInitializer.java:146)
	at org.springframework.boot.sql.init.AbstractScriptDatabaseInitializer.applyScripts(AbstractScriptDatabaseInitializer.java:108)
	at org.springframework.boot.sql.init.AbstractScriptDatabaseInitializer.applySchemaScripts(AbstractScriptDatabaseInitializer.java:98)
	at org.springframework.boot.sql.init.AbstractScriptDatabaseInitializer.initializeDatabase(AbstractScriptDatabaseInitializer.java:76)
	at org.springframework.boot.sql.init.AbstractScriptDatabaseInitializer.afterPropertiesSet(AbstractScriptDatabaseInitializer.java:66)
	at org.springframework.beans.factory.support.AbstractAutowireCapableBeanFactory.invokeInitMethods(AbstractAutowireCapableBeanFactory.java:1817)
	at org.springframework.beans.factory.support.AbstractAutowireCapableBeanFactory.initializeBean(AbstractAutowireCapableBeanFactory.java:1766)
	... 97 more
Caused by: org.h2.jdbc.JdbcSQLSyntaxErrorException: Schema "GLAMBOOK" not found; SQL statement:
USE glambook [90079-214]
	at org.h2.message.DbException.getJdbcSQLException(DbException.java:632)
	at org.h2.message.DbException.getJdbcSQLException(DbException.java:477)
	at org.h2.message.DbException.get(DbException.java:223)
	at org.h2.message.DbException.get(DbException.java:199)
	at org.h2.engine.Database.getSchema(Database.java:1546)
	at org.h2.command.dml.Set.update(Set.java:397)
	at org.h2.command.CommandContainer.update(CommandContainer.java:169)
	at org.h2.command.Command.executeUpdate(Command.java:252)
	at org.h2.jdbc.JdbcStatement.executeInternal(JdbcStatement.java:252)
	at org.h2.jdbc.JdbcStatement.execute(JdbcStatement.java:223)
	at com.zaxxer.hikari.pool.ProxyStatement.execute(ProxyStatement.java:94)
	at com.zaxxer.hikari.pool.HikariProxyStatement.execute(HikariProxyStatement.java)
	at org.springframework.jdbc.datasource.init.ScriptUtils.executeSqlScript(ScriptUtils.java:261)
	... 107 more
]]></error>
    <system-out><![CDATA[2026-05-17T14:45:06.613+05:30  INFO 29860 --- [           main] t.c.s.AnnotationConfigContextLoaderUtils : Could not detect default configuration classes for test class [com.salon.auth.AuthServicePropertyTest]: AuthServicePropertyTest does not declare any static, non-private, non-final, nested classes annotated with @Configuration.
2026-05-17T14:45:06.613+05:30  INFO 29860 --- [           main] .b.t.c.SpringBootTestContextBootstrapper : Found @SpringBootConfiguration com.salon.SalonManagementApplication for test class com.salon.auth.AuthServicePropertyTest

  .   ____          _            __ _ _
 /\\ / ___'_ __ _ _(_)_ __  __ _ \ \ \ \
( ( )\___ | '_ | '_| | '_ \/ _` | \ \ \ \
 \\/  ___)| |_)| | | | | || (_| |  ) ) ) )
  '  |____| .__|_| |_|_| |_\__, | / / / /
 =========|_|==============|___/=/_/_/_/
 :: Spring Boot ::                (v3.1.5)

2026-05-17T14:45:06.873+05:30  INFO 29860 --- [           main] com.salon.auth.AuthServicePropertyTest   : Starting AuthServicePropertyTest using Java 21.0.10 with PID 29860 (started by JAYANTH in C:\Users\JAYANTH\Desktop\Glambook\backend)
2026-05-17T14:45:06.873+05:30  INFO 29860 --- [           main] com.salon.auth.AuthServicePropertyTest   : The following 1 profile is active: "test"
2026-05-17T14:45:06.974+05:30  INFO 29860 --- [           main] .s.d.r.c.RepositoryConfigurationDelegate : Bootstrapping Spring Data JPA repositories in DEFAULT mode.
2026-05-17T14:45:07.011+05:30  INFO 29860 --- [           main] .s.d.r.c.RepositoryConfigurationDelegate : Finished Spring Data repository scanning in 26 ms. Found 34 JPA repository interfaces.
2026-05-17T14:45:07.058+05:30  INFO 29860 --- [           main] o.hibernate.jpa.internal.util.LogHelper  : HHH000204: Processing PersistenceUnitInfo [name: default]
2026-05-17T14:45:07.058+05:30  INFO 29860 --- [           main] o.s.o.j.p.SpringPersistenceUnitInfo      : No LoadTimeWeaver setup: ignoring JPA class transformer
2026-05-17T14:45:07.058+05:30  INFO 29860 --- [           main] com.zaxxer.hikari.HikariDataSource       : HikariPool-43 - Starting...
2026-05-17T14:45:07.058+05:30  INFO 29860 --- [           main] com.zaxxer.hikari.pool.HikariPool        : HikariPool-43 - Added connection conn261: url=jdbc:h2:mem:testdb user=SA
2026-05-17T14:45:07.058+05:30  INFO 29860 --- [           main] com.zaxxer.hikari.HikariDataSource       : HikariPool-43 - Start completed.
2026-05-17T14:45:07.058+05:30  WARN 29860 --- [           main] org.hibernate.orm.deprecation            : HHH90000025: H2Dialect does not need to be specified explicitly using 'hibernate.dialect' (remove the property setting and it will be selected by default)
2026-05-17T14:45:07.158+05:30  INFO 29860 --- [           main] o.h.e.t.j.p.i.JtaPlatformInitiator       : HHH000489: No JTA platform available (set 'hibernate.transaction.jta.platform' to enable JTA platform integration)
2026-05-17T14:45:07.174+05:30  INFO 29860 --- [           main] j.LocalContainerEntityManagerFactoryBean : Initialized JPA EntityManagerFactory for persistence unit 'default'
2026-05-17T14:45:07.174+05:30  WARN 29860 --- [           main] o.s.w.c.s.GenericWebApplicationContext   : Exception encountered during context initialization - cancelling refresh attempt: org.springframework.beans.factory.UnsatisfiedDependencyException: Error creating bean with name 'databaseMigrationRunner' defined in file [C:\Users\JAYANTH\Desktop\Glambook\backend\target\classes\com\salon\config\DatabaseMigrationRunner.class]: Unsatisfied dependency expressed through constructor parameter 0: Error creating bean with name 'dataSourceScriptDatabaseInitializer' defined in class path resource [org/springframework/boot/autoconfigure/sql/init/DataSourceInitializationConfiguration.class]: Failed to execute SQL script statement #1 of class path resource [fresh_setup.sql]: USE glambook
2026-05-17T14:45:07.174+05:30  INFO 29860 --- [           main] j.LocalContainerEntityManagerFactoryBean : Closing JPA EntityManagerFactory for persistence unit 'default'
2026-05-17T14:45:07.174+05:30  INFO 29860 --- [           main] com.zaxxer.hikari.HikariDataSource       : HikariPool-43 - Shutdown initiated...
2026-05-17T14:45:07.190+05:30  INFO 29860 --- [           main] com.zaxxer.hikari.HikariDataSource       : HikariPool-43 - Shutdown completed.
2026-05-17T14:45:07.191+05:30  INFO 29860 --- [           main] .s.b.a.l.ConditionEvaluationReportLogger : 

Error starting ApplicationContext. To display the condition evaluation report re-run your application with 'debug' enabled.
2026-05-17T14:45:07.191+05:30 ERROR 29860 --- [           main] o.s.boot.SpringApplication               : Application run failed

org.springframework.beans.factory.UnsatisfiedDependencyException: Error creating bean with name 'databaseMigrationRunner' defined in file [C:\Users\JAYANTH\Desktop\Glambook\backend\target\classes\com\salon\config\DatabaseMigrationRunner.class]: Unsatisfied dependency expressed through constructor parameter 0: Error creating bean with name 'dataSourceScriptDatabaseInitializer' defined in class path resource [org/springframework/boot/autoconfigure/sql/init/DataSourceInitializationConfiguration.class]: Failed to execute SQL script statement #1 of class path resource [fresh_setup.sql]: USE glambook
	at org.springframework.beans.factory.support.ConstructorResolver.createArgumentArray(ConstructorResolver.java:801) ~[spring-beans-6.0.13.jar:6.0.13]
	at org.springframework.beans.factory.support.ConstructorResolver.autowireConstructor(ConstructorResolver.java:240) ~[spring-beans-6.0.13.jar:6.0.13]
	at org.springframework.beans.factory.support.AbstractAutowireCapableBeanFactory.autowireConstructor(AbstractAutowireCapableBeanFactory.java:1352) ~[spring-beans-6.0.13.jar:6.0.13]
	at org.springframework.beans.factory.support.AbstractAutowireCapableBeanFactory.createBeanInstance(AbstractAutowireCapableBeanFactory.java:1189) ~[spring-beans-6.0.13.jar:6.0.13]
	at org.springframework.beans.factory.support.AbstractAutowireCapableBeanFactory.doCreateBean(AbstractAutowireCapableBeanFactory.java:560) ~[spring-beans-6.0.13.jar:6.0.13]
	at org.springframework.beans.factory.support.AbstractAutowireCapableBeanFactory.createBean(AbstractAutowireCapableBeanFactory.java:520) ~[spring-beans-6.0.13.jar:6.0.13]
	at org.springframework.beans.factory.support.AbstractBeanFactory.lambda$doGetBean$0(AbstractBeanFactory.java:325) ~[spring-beans-6.0.13.jar:6.0.13]
	at org.springframework.beans.factory.support.DefaultSingletonBeanRegistry.getSingleton(DefaultSingletonBeanRegistry.java:234) ~[spring-beans-6.0.13.jar:6.0.13]
	at org.springframework.beans.factory.support.AbstractBeanFactory.doGetBean(AbstractBeanFactory.java:323) ~[spring-beans-6.0.13.jar:6.0.13]
	at org.springframework.beans.factory.support.AbstractBeanFactory.getBean(AbstractBeanFactory.java:199) ~[spring-beans-6.0.13.jar:6.0.13]
	at org.springframework.beans.factory.support.DefaultListableBeanFactory.preInstantiateSingletons(DefaultListableBeanFactory.java:973) ~[spring-beans-6.0.13.jar:6.0.13]
	at org.springframework.context.support.AbstractApplicationContext.finishBeanFactoryInitialization(AbstractApplicationContext.java:950) ~[spring-context-6.0.13.jar:6.0.13]
	at org.springframework.context.support.AbstractApplicationContext.refresh(AbstractApplicationContext.java:616) ~[spring-context-6.0.13.jar:6.0.13]
	at org.springframework.boot.SpringApplication.refresh(SpringApplication.java:738) ~[spring-boot-3.1.5.jar:3.1.5]
	at org.springframework.boot.SpringApplication.refreshContext(SpringApplication.java:440) ~[spring-boot-3.1.5.jar:3.1.5]
	at org.springframework.boot.SpringApplication.run(SpringApplication.java:316) ~[spring-boot-3.1.5.jar:3.1.5]
	at org.springframework.boot.test.context.SpringBootContextLoader.lambda$loadContext$3(SpringBootContextLoader.java:137) ~[spring-boot-test-3.1.5.jar:3.1.5]
	at org.springframework.util.function.ThrowingSupplier.get(ThrowingSupplier.java:58) ~[spring-core-6.0.13.jar:6.0.13]
	at org.springframework.util.function.ThrowingSupplier.get(ThrowingSupplier.java:46) ~[spring-core-6.0.13.jar:6.0.13]
	at org.springframework.boot.SpringApplication.withHook(SpringApplication.java:1406) ~[spring-boot-3.1.5.jar:3.1.5]
	at org.springframework.boot.test.context.SpringBootContextLoader$ContextLoaderHook.run(SpringBootContextLoader.java:545) ~[spring-boot-test-3.1.5.jar:3.1.5]
	at org.springframework.boot.test.context.SpringBootContextLoader.loadContext(SpringBootContextLoader.java:137) ~[spring-boot-test-3.1.5.jar:3.1.5]
	at org.springframework.boot.test.context.SpringBootContextLoader.loadContext(SpringBootContextLoader.java:108) ~[spring-boot-test-3.1.5.jar:3.1.5]
	at org.springframework.test.context.cache.DefaultCacheAwareContextLoaderDelegate.loadContextInternal(DefaultCacheAwareContextLoaderDelegate.java:187) ~[spring-test-6.0.13.jar:6.0.13]
	at org.springframework.test.context.cache.DefaultCacheAwareContextLoaderDelegate.loadContext(DefaultCacheAwareContextLoaderDelegate.java:119) ~[spring-test-6.0.13.jar:6.0.13]
	at org.springframework.test.context.support.DefaultTestContext.getApplicationContext(DefaultTestContext.java:127) ~[spring-test-6.0.13.jar:6.0.13]
	at org.springframework.test.context.web.ServletTestExecutionListener.setUpRequestContextIfNecessary(ServletTestExecutionListener.java:191) ~[spring-test-6.0.13.jar:6.0.13]
	at org.springframework.test.context.web.ServletTestExecutionListener.prepareTestInstance(ServletTestExecutionListener.java:130) ~[spring-test-6.0.13.jar:6.0.13]
	at org.springframework.test.context.TestContextManager.prepareTestInstance(TestContextManager.java:241) ~[spring-test-6.0.13.jar:6.0.13]
	at net.jqwik.spring.OutsideLifecycleMethodsHook.lambda$prepareTestInstance$1(OutsideLifecycleMethodsHook.java:46) ~[jqwik-spring-0.9.0.jar:na]
	at net.jqwik.spring.JqwikSpringReflectionSupport.applyToInstances(JqwikSpringReflectionSupport.java:20) ~[jqwik-spring-0.9.0.jar:na]
	at net.jqwik.spring.OutsideLifecycleMethodsHook.prepareTestInstance(OutsideLifecycleMethodsHook.java:44) ~[jqwik-spring-0.9.0.jar:na]
	at net.jqwik.spring.OutsideLifecycleMethodsHook.aroundTry(OutsideLifecycleMethodsHook.java:22) ~[jqwik-spring-0.9.0.jar:na]
	at net.jqwik.engine.execution.lifecycle.HookSupport.lambda$wrap$3(HookSupport.java:53) ~[jqwik-engine-1.7.4.jar:na]
	at net.jqwik.engine.execution.lifecycle.HookSupport.lambda$wrap$2(HookSupport.java:48) ~[jqwik-engine-1.7.4.jar:na]
	at net.jqwik.engine.hooks.lifecycle.BeforeTryMembersHook.aroundTry(BeforeTryMembersHook.java:69) ~[jqwik-engine-1.7.4.jar:na]
	at net.jqwik.engine.execution.lifecycle.HookSupport.lambda$wrap$3(HookSupport.java:53) ~[jqwik-engine-1.7.4.jar:na]
	at net.jqwik.engine.execution.CheckedPropertyFactory.lambda$createTryExecutor$0(CheckedPropertyFactory.java:60) ~[jqwik-engine-1.7.4.jar:na]
	at net.jqwik.engine.execution.lifecycle.AroundTryLifecycle.execute(AroundTryLifecycle.java:23) ~[jqwik-engine-1.7.4.jar:na]
	at net.jqwik.engine.properties.GenericProperty.testPredicate(GenericProperty.java:166) ~[jqwik-engine-1.7.4.jar:na]
	at net.jqwik.engine.properties.GenericProperty.check(GenericProperty.java:68) ~[jqwik-engine-1.7.4.jar:na]
	at net.jqwik.engine.execution.CheckedProperty.check(CheckedProperty.java:67) ~[jqwik-engine-1.7.4.jar:na]
	at net.jqwik.engine.execution.PropertyMethodExecutor.executeProperty(PropertyMethodExecutor.java:90) ~[jqwik-engine-1.7.4.jar:na]
	at net.jqwik.engine.execution.PropertyMethodExecutor.executeMethod(PropertyMethodExecutor.java:69) ~[jqwik-engine-1.7.4.jar:na]
	at net.jqwik.engine.execution.PropertyMethodExecutor.lambda$execute$0(PropertyMethodExecutor.java:49) ~[jqwik-engine-1.7.4.jar:na]
	at net.jqwik.api.lifecycle.AroundPropertyHook.lambda$static$0(AroundPropertyHook.java:46) ~[jqwik-api-1.7.4.jar:na]
	at net.jqwik.engine.execution.lifecycle.HookSupport.lambda$wrap$0(HookSupport.java:26) ~[jqwik-engine-1.7.4.jar:na]
	at net.jqwik.api.lifecycle.PropertyExecutor.executeAndFinally(PropertyExecutor.java:39) ~[jqwik-api-1.7.4.jar:na]
	at net.jqwik.engine.hooks.lifecycle.PropertyLifecycleMethodsHook.aroundProperty(PropertyLifecycleMethodsHook.java:56) ~[jqwik-engine-1.7.4.jar:na]
	at net.jqwik.engine.execution.lifecycle.HookSupport.lambda$wrap$1(HookSupport.java:31) ~[jqwik-engine-1.7.4.jar:na]
	at net.jqwik.engine.execution.lifecycle.HookSupport.lambda$wrap$0(HookSupport.java:26) ~[jqwik-engine-1.7.4.jar:na]
	at net.jqwik.engine.hooks.statistics.StatisticsHook.aroundProperty(StatisticsHook.java:37) ~[jqwik-engine-1.7.4.jar:na]
	at net.jqwik.engine.execution.lifecycle.HookSupport.lambda$wrap$1(HookSupport.java:31) ~[jqwik-engine-1.7.4.jar:na]
	at net.jqwik.engine.execution.lifecycle.HookSupport.lambda$wrap$0(HookSupport.java:26) ~[jqwik-engine-1.7.4.jar:na]
	at net.jqwik.engine.hooks.lifecycle.AutoCloseableHook.aroundProperty(AutoCloseableHook.java:13) ~[jqwik-engine-1.7.4.jar:na]
	at net.jqwik.engine.execution.lifecycle.HookSupport.lambda$wrap$1(HookSupport.java:31) ~[jqwik-engine-1.7.4.jar:na]
	at net.jqwik.engine.execution.PropertyMethodExecutor.execute(PropertyMethodExecutor.java:47) ~[jqwik-engine-1.7.4.jar:na]
	at net.jqwik.engine.execution.PropertyTaskCreator.executeTestMethod(PropertyTaskCreator.java:166) ~[jqwik-engine-1.7.4.jar:na]
	at net.jqwik.engine.execution.PropertyTaskCreator.lambda$createTask$1(PropertyTaskCreator.java:51) ~[jqwik-engine-1.7.4.jar:na]
	at net.jqwik.engine.execution.lifecycle.CurrentDomainContext.runWithContext(CurrentDomainContext.java:28) ~[jqwik-engine-1.7.4.jar:na]
	at net.jqwik.engine.execution.PropertyTaskCreator.lambda$createTask$2(PropertyTaskCreator.java:50) ~[jqwik-engine-1.7.4.jar:na]
	at net.jqwik.engine.execution.pipeline.ExecutionTask$1.lambda$execute$0(ExecutionTask.java:31) ~[jqwik-engine-1.7.4.jar:na]
	at net.jqwik.engine.execution.lifecycle.CurrentTestDescriptor.runWithDescriptor(CurrentTestDescriptor.java:17) ~[jqwik-engine-1.7.4.jar:na]
	at net.jqwik.engine.execution.pipeline.ExecutionTask$1.execute(ExecutionTask.java:31) ~[jqwik-engine-1.7.4.jar:na]
	at net.jqwik.engine.execution.pipeline.ExecutionPipeline.runToTermination(ExecutionPipeline.java:82) ~[jqwik-engine-1.7.4.jar:na]
	at net.jqwik.engine.execution.JqwikExecutor.execute(JqwikExecutor.java:46) ~[jqwik-engine-1.7.4.jar:na]
	at net.jqwik.engine.JqwikTestEngine.executeTests(JqwikTestEngine.java:70) ~[jqwik-engine-1.7.4.jar:na]
	at net.jqwik.engine.JqwikTestEngine.execute(JqwikTestEngine.java:53) ~[jqwik-engine-1.7.4.jar:na]
	at org.junit.platform.launcher.core.EngineExecutionOrchestrator.execute(EngineExecutionOrchestrator.java:147) ~[junit-platform-launcher-1.9.3.jar:1.9.3]
	at org.junit.platform.launcher.core.EngineExecutionOrchestrator.execute(EngineExecutionOrchestrator.java:127) ~[junit-platform-launcher-1.9.3.jar:1.9.3]
	at org.junit.platform.launcher.core.EngineExecutionOrchestrator.execute(EngineExecutionOrchestrator.java:90) ~[junit-platform-launcher-1.9.3.jar:1.9.3]
	at org.junit.platform.launcher.core.EngineExecutionOrchestrator.lambda$execute$0(EngineExecutionOrchestrator.java:55) ~[junit-platform-launcher-1.9.3.jar:1.9.3]
	at org.junit.platform.launcher.core.EngineExecutionOrchestrator.withInterceptedStreams(EngineExecutionOrchestrator.java:102) ~[junit-platform-launcher-1.9.3.jar:1.9.3]
	at org.junit.platform.launcher.core.EngineExecutionOrchestrator.execute(EngineExecutionOrchestrator.java:54) ~[junit-platform-launcher-1.9.3.jar:1.9.3]
	at org.junit.platform.launcher.core.DefaultLauncher.execute(DefaultLauncher.java:114) ~[junit-platform-launcher-1.9.3.jar:1.9.3]
	at org.junit.platform.launcher.core.DefaultLauncher.execute(DefaultLauncher.java:86) ~[junit-platform-launcher-1.9.3.jar:1.9.3]
	at org.junit.platform.launcher.core.DefaultLauncherSession$DelegatingLauncher.execute(DefaultLauncherSession.java:86) ~[junit-platform-launcher-1.9.3.jar:1.9.3]
	at org.apache.maven.surefire.junitplatform.LazyLauncher.execute(LazyLauncher.java:50) ~[surefire-junit-platform-3.0.0.jar:3.0.0]
	at org.apache.maven.surefire.junitplatform.JUnitPlatformProvider.execute(JUnitPlatformProvider.java:184) ~[surefire-junit-platform-3.0.0.jar:3.0.0]
	at org.apache.maven.surefire.junitplatform.JUnitPlatformProvider.invokeAllTests(JUnitPlatformProvider.java:148) ~[surefire-junit-platform-3.0.0.jar:3.0.0]
	at org.apache.maven.surefire.junitplatform.JUnitPlatformProvider.invoke(JUnitPlatformProvider.java:122) ~[surefire-junit-platform-3.0.0.jar:3.0.0]
	at org.apache.maven.surefire.booter.ForkedBooter.runSuitesInProcess(ForkedBooter.java:385) ~[surefire-booter-3.0.0.jar:3.0.0]
	at org.apache.maven.surefire.booter.ForkedBooter.execute(ForkedBooter.java:162) ~[surefire-booter-3.0.0.jar:3.0.0]
	at org.apache.maven.surefire.booter.ForkedBooter.run(ForkedBooter.java:507) ~[surefire-booter-3.0.0.jar:3.0.0]
	at org.apache.maven.surefire.booter.ForkedBooter.main(ForkedBooter.java:495) ~[surefire-booter-3.0.0.jar:3.0.0]
Caused by: org.springframework.beans.factory.BeanCreationException: Error creating bean with name 'dataSourceScriptDatabaseInitializer' defined in class path resource [org/springframework/boot/autoconfigure/sql/init/DataSourceInitializationConfiguration.class]: Failed to execute SQL script statement #1 of class path resource [fresh_setup.sql]: USE glambook
	at org.springframework.beans.factory.support.AbstractAutowireCapableBeanFactory.initializeBean(AbstractAutowireCapableBeanFactory.java:1770) ~[spring-beans-6.0.13.jar:6.0.13]
	at org.springframework.beans.factory.support.AbstractAutowireCapableBeanFactory.doCreateBean(AbstractAutowireCapableBeanFactory.java:598) ~[spring-beans-6.0.13.jar:6.0.13]
	at org.springframework.beans.factory.support.AbstractAutowireCapableBeanFactory.createBean(AbstractAutowireCapableBeanFactory.java:520) ~[spring-beans-6.0.13.jar:6.0.13]
	at org.springframework.beans.factory.support.AbstractBeanFactory.lambda$doGetBean$0(AbstractBeanFactory.java:325) ~[spring-beans-6.0.13.jar:6.0.13]
	at org.springframework.beans.factory.support.DefaultSingletonBeanRegistry.getSingleton(DefaultSingletonBeanRegistry.java:234) ~[spring-beans-6.0.13.jar:6.0.13]
	at org.springframework.beans.factory.support.AbstractBeanFactory.doGetBean(AbstractBeanFactory.java:323) ~[spring-beans-6.0.13.jar:6.0.13]
	at org.springframework.beans.factory.support.AbstractBeanFactory.getBean(AbstractBeanFactory.java:199) ~[spring-beans-6.0.13.jar:6.0.13]
	at org.springframework.beans.factory.support.AbstractBeanFactory.doGetBean(AbstractBeanFactory.java:312) ~[spring-beans-6.0.13.jar:6.0.13]
	at org.springframework.beans.factory.support.AbstractBeanFactory.getBean(AbstractBeanFactory.java:199) ~[spring-beans-6.0.13.jar:6.0.13]
	at org.springframework.beans.factory.config.DependencyDescriptor.resolveCandidate(DependencyDescriptor.java:254) ~[spring-beans-6.0.13.jar:6.0.13]
	at org.springframework.beans.factory.support.DefaultListableBeanFactory.doResolveDependency(DefaultListableBeanFactory.java:1417) ~[spring-beans-6.0.13.jar:6.0.13]
	at org.springframework.beans.factory.support.DefaultListableBeanFactory.resolveDependency(DefaultListableBeanFactory.java:1337) ~[spring-beans-6.0.13.jar:6.0.13]
	at org.springframework.beans.factory.support.ConstructorResolver.resolveAutowiredArgument(ConstructorResolver.java:910) ~[spring-beans-6.0.13.jar:6.0.13]
	at org.springframework.beans.factory.support.ConstructorResolver.createArgumentArray(ConstructorResolver.java:788) ~[spring-beans-6.0.13.jar:6.0.13]
	... 84 common frames omitted
Caused by: org.springframework.jdbc.datasource.init.ScriptStatementFailedException: Failed to execute SQL script statement #1 of class path resource [fresh_setup.sql]: USE glambook
	at org.springframework.jdbc.datasource.init.ScriptUtils.executeSqlScript(ScriptUtils.java:282) ~[spring-jdbc-6.0.13.jar:6.0.13]
	at org.springframework.jdbc.datasource.init.ResourceDatabasePopulator.populate(ResourceDatabasePopulator.java:254) ~[spring-jdbc-6.0.13.jar:6.0.13]
	at org.springframework.jdbc.datasource.init.DatabasePopulatorUtils.execute(DatabasePopulatorUtils.java:54) ~[spring-jdbc-6.0.13.jar:6.0.13]
	at org.springframework.boot.jdbc.init.DataSourceScriptDatabaseInitializer.runScripts(DataSourceScriptDatabaseInitializer.java:87) ~[spring-boot-3.1.5.jar:3.1.5]
	at org.springframework.boot.sql.init.AbstractScriptDatabaseInitializer.runScripts(AbstractScriptDatabaseInitializer.java:146) ~[spring-boot-3.1.5.jar:3.1.5]
	at org.springframework.boot.sql.init.AbstractScriptDatabaseInitializer.applyScripts(AbstractScriptDatabaseInitializer.java:108) ~[spring-boot-3.1.5.jar:3.1.5]
	at org.springframework.boot.sql.init.AbstractScriptDatabaseInitializer.applySchemaScripts(AbstractScriptDatabaseInitializer.java:98) ~[spring-boot-3.1.5.jar:3.1.5]
	at org.springframework.boot.sql.init.AbstractScriptDatabaseInitializer.initializeDatabase(AbstractScriptDatabaseInitializer.java:76) ~[spring-boot-3.1.5.jar:3.1.5]
	at org.springframework.boot.sql.init.AbstractScriptDatabaseInitializer.afterPropertiesSet(AbstractScriptDatabaseInitializer.java:66) ~[spring-boot-3.1.5.jar:3.1.5]
	at org.springframework.beans.factory.support.AbstractAutowireCapableBeanFactory.invokeInitMethods(AbstractAutowireCapableBeanFactory.java:1817) ~[spring-beans-6.0.13.jar:6.0.13]
	at org.springframework.beans.factory.support.AbstractAutowireCapableBeanFactory.initializeBean(AbstractAutowireCapableBeanFactory.java:1766) ~[spring-beans-6.0.13.jar:6.0.13]
	... 97 common frames omitted
Caused by: org.h2.jdbc.JdbcSQLSyntaxErrorException: Schema "GLAMBOOK" not found; SQL statement:
USE glambook [90079-214]
	at org.h2.message.DbException.getJdbcSQLException(DbException.java:632) ~[h2-2.1.214.jar:2.1.214]
	at org.h2.message.DbException.getJdbcSQLException(DbException.java:477) ~[h2-2.1.214.jar:2.1.214]
	at org.h2.message.DbException.get(DbException.java:223) ~[h2-2.1.214.jar:2.1.214]
	at org.h2.message.DbException.get(DbException.java:199) ~[h2-2.1.214.jar:2.1.214]
	at org.h2.engine.Database.getSchema(Database.java:1546) ~[h2-2.1.214.jar:2.1.214]
	at org.h2.command.dml.Set.update(Set.java:397) ~[h2-2.1.214.jar:2.1.214]
	at org.h2.command.CommandContainer.update(CommandContainer.java:169) ~[h2-2.1.214.jar:2.1.214]
	at org.h2.command.Command.executeUpdate(Command.java:252) ~[h2-2.1.214.jar:2.1.214]
	at org.h2.jdbc.JdbcStatement.executeInternal(JdbcStatement.java:252) ~[h2-2.1.214.jar:2.1.214]
	at org.h2.jdbc.JdbcStatement.execute(JdbcStatement.java:223) ~[h2-2.1.214.jar:2.1.214]
	at com.zaxxer.hikari.pool.ProxyStatement.execute(ProxyStatement.java:94) ~[HikariCP-5.0.1.jar:na]
	at com.zaxxer.hikari.pool.HikariProxyStatement.execute(HikariProxyStatement.java) ~[HikariCP-5.0.1.jar:na]
	at org.springframework.jdbc.datasource.init.ScriptUtils.executeSqlScript(ScriptUtils.java:261) ~[spring-jdbc-6.0.13.jar:6.0.13]
	... 107 common frames omitted

2026-05-17T14:45:07.191+05:30 ERROR 29860 --- [           main] o.s.test.context.TestContextManager      : Caught exception while allowing TestExecutionListener [org.springframework.test.context.web.ServletTestExecutionListener] to prepare test instance [com.salon.auth.AuthServicePropertyTest@f1e2c87]

java.lang.IllegalStateException: Failed to load ApplicationContext for [WebMergedContextConfiguration@6a82901d testClass = com.salon.auth.AuthServicePropertyTest, locations = [], classes = [com.salon.SalonManagementApplication], contextInitializerClasses = [], activeProfiles = ["test"], propertySourceLocations = [], propertySourceProperties = ["org.springframework.boot.test.context.SpringBootTestContextBootstrapper=true"], contextCustomizers = [org.springframework.boot.test.context.filter.ExcludeFilterContextCustomizer@3440e9cd, org.springframework.boot.test.json.DuplicateJsonObjectContextCustomizerFactory$DuplicateJsonObjectContextCustomizer@1163a27, org.springframework.boot.test.mock.mockito.MockitoContextCustomizer@0, org.springframework.boot.test.web.client.TestRestTemplateContextCustomizer@3e5b2630, org.springframework.boot.test.autoconfigure.actuate.observability.ObservabilityContextCustomizerFactory$DisableObservabilityContextCustomizer@1f, org.springframework.boot.test.autoconfigure.properties.PropertyMappingContextCustomizer@0, org.springframework.boot.test.autoconfigure.web.servlet.WebDriverContextCustomizer@713ec32d, org.springframework.boot.test.context.SpringBootTestAnnotation@34dfaa41], resourceBasePath = "src/main/webapp", contextLoader = org.springframework.boot.test.context.SpringBootContextLoader, parent = null]
	at org.springframework.test.context.cache.DefaultCacheAwareContextLoaderDelegate.loadContext(DefaultCacheAwareContextLoaderDelegate.java:143) ~[spring-test-6.0.13.jar:6.0.13]
	at org.springframework.test.context.support.DefaultTestContext.getApplicationContext(DefaultTestContext.java:127) ~[spring-test-6.0.13.jar:6.0.13]
	at org.springframework.test.context.web.ServletTestExecutionListener.setUpRequestContextIfNecessary(ServletTestExecutionListener.java:191) ~[spring-test-6.0.13.jar:6.0.13]
	at org.springframework.test.context.web.ServletTestExecutionListener.prepareTestInstance(ServletTestExecutionListener.java:130) ~[spring-test-6.0.13.jar:6.0.13]
	at org.springframework.test.context.TestContextManager.prepareTestInstance(TestContextManager.java:241) ~[spring-test-6.0.13.jar:6.0.13]
	at net.jqwik.spring.OutsideLifecycleMethodsHook.lambda$prepareTestInstance$1(OutsideLifecycleMethodsHook.java:46) ~[jqwik-spring-0.9.0.jar:na]
	at net.jqwik.spring.JqwikSpringReflectionSupport.applyToInstances(JqwikSpringReflectionSupport.java:20) ~[jqwik-spring-0.9.0.jar:na]
	at net.jqwik.spring.OutsideLifecycleMethodsHook.prepareTestInstance(OutsideLifecycleMethodsHook.java:44) ~[jqwik-spring-0.9.0.jar:na]
	at net.jqwik.spring.OutsideLifecycleMethodsHook.aroundTry(OutsideLifecycleMethodsHook.java:22) ~[jqwik-spring-0.9.0.jar:na]
	at net.jqwik.engine.execution.lifecycle.HookSupport.lambda$wrap$3(HookSupport.java:53) ~[jqwik-engine-1.7.4.jar:na]
	at net.jqwik.engine.execution.lifecycle.HookSupport.lambda$wrap$2(HookSupport.java:48) ~[jqwik-engine-1.7.4.jar:na]
	at net.jqwik.engine.hooks.lifecycle.BeforeTryMembersHook.aroundTry(BeforeTryMembersHook.java:69) ~[jqwik-engine-1.7.4.jar:na]
	at net.jqwik.engine.execution.lifecycle.HookSupport.lambda$wrap$3(HookSupport.java:53) ~[jqwik-engine-1.7.4.jar:na]
	at net.jqwik.engine.execution.CheckedPropertyFactory.lambda$createTryExecutor$0(CheckedPropertyFactory.java:60) ~[jqwik-engine-1.7.4.jar:na]
	at net.jqwik.engine.execution.lifecycle.AroundTryLifecycle.execute(AroundTryLifecycle.java:23) ~[jqwik-engine-1.7.4.jar:na]
	at net.jqwik.engine.properties.GenericProperty.testPredicate(GenericProperty.java:166) ~[jqwik-engine-1.7.4.jar:na]
	at net.jqwik.engine.properties.GenericProperty.check(GenericProperty.java:68) ~[jqwik-engine-1.7.4.jar:na]
	at net.jqwik.engine.execution.CheckedProperty.check(CheckedProperty.java:67) ~[jqwik-engine-1.7.4.jar:na]
	at net.jqwik.engine.execution.PropertyMethodExecutor.executeProperty(PropertyMethodExecutor.java:90) ~[jqwik-engine-1.7.4.jar:na]
	at net.jqwik.engine.execution.PropertyMethodExecutor.executeMethod(PropertyMethodExecutor.java:69) ~[jqwik-engine-1.7.4.jar:na]
	at net.jqwik.engine.execution.PropertyMethodExecutor.lambda$execute$0(PropertyMethodExecutor.java:49) ~[jqwik-engine-1.7.4.jar:na]
	at net.jqwik.api.lifecycle.AroundPropertyHook.lambda$static$0(AroundPropertyHook.java:46) ~[jqwik-api-1.7.4.jar:na]
	at net.jqwik.engine.execution.lifecycle.HookSupport.lambda$wrap$0(HookSupport.java:26) ~[jqwik-engine-1.7.4.jar:na]
	at net.jqwik.api.lifecycle.PropertyExecutor.executeAndFinally(PropertyExecutor.java:39) ~[jqwik-api-1.7.4.jar:na]
	at net.jqwik.engine.hooks.lifecycle.PropertyLifecycleMethodsHook.aroundProperty(PropertyLifecycleMethodsHook.java:56) ~[jqwik-engine-1.7.4.jar:na]
	at net.jqwik.engine.execution.lifecycle.HookSupport.lambda$wrap$1(HookSupport.java:31) ~[jqwik-engine-1.7.4.jar:na]
	at net.jqwik.engine.execution.lifecycle.HookSupport.lambda$wrap$0(HookSupport.java:26) ~[jqwik-engine-1.7.4.jar:na]
	at net.jqwik.engine.hooks.statistics.StatisticsHook.aroundProperty(StatisticsHook.java:37) ~[jqwik-engine-1.7.4.jar:na]
	at net.jqwik.engine.execution.lifecycle.HookSupport.lambda$wrap$1(HookSupport.java:31) ~[jqwik-engine-1.7.4.jar:na]
	at net.jqwik.engine.execution.lifecycle.HookSupport.lambda$wrap$0(HookSupport.java:26) ~[jqwik-engine-1.7.4.jar:na]
	at net.jqwik.engine.hooks.lifecycle.AutoCloseableHook.aroundProperty(AutoCloseableHook.java:13) ~[jqwik-engine-1.7.4.jar:na]
	at net.jqwik.engine.execution.lifecycle.HookSupport.lambda$wrap$1(HookSupport.java:31) ~[jqwik-engine-1.7.4.jar:na]
	at net.jqwik.engine.execution.PropertyMethodExecutor.execute(PropertyMethodExecutor.java:47) ~[jqwik-engine-1.7.4.jar:na]
	at net.jqwik.engine.execution.PropertyTaskCreator.executeTestMethod(PropertyTaskCreator.java:166) ~[jqwik-engine-1.7.4.jar:na]
	at net.jqwik.engine.execution.PropertyTaskCreator.lambda$createTask$1(PropertyTaskCreator.java:51) ~[jqwik-engine-1.7.4.jar:na]
	at net.jqwik.engine.execution.lifecycle.CurrentDomainContext.runWithContext(CurrentDomainContext.java:28) ~[jqwik-engine-1.7.4.jar:na]
	at net.jqwik.engine.execution.PropertyTaskCreator.lambda$createTask$2(PropertyTaskCreator.java:50) ~[jqwik-engine-1.7.4.jar:na]
	at net.jqwik.engine.execution.pipeline.ExecutionTask$1.lambda$execute$0(ExecutionTask.java:31) ~[jqwik-engine-1.7.4.jar:na]
	at net.jqwik.engine.execution.lifecycle.CurrentTestDescriptor.runWithDescriptor(CurrentTestDescriptor.java:17) ~[jqwik-engine-1.7.4.jar:na]
	at net.jqwik.engine.execution.pipeline.ExecutionTask$1.execute(ExecutionTask.java:31) ~[jqwik-engine-1.7.4.jar:na]
	at net.jqwik.engine.execution.pipeline.ExecutionPipeline.runToTermination(ExecutionPipeline.java:82) ~[jqwik-engine-1.7.4.jar:na]
	at net.jqwik.engine.execution.JqwikExecutor.execute(JqwikExecutor.java:46) ~[jqwik-engine-1.7.4.jar:na]
	at net.jqwik.engine.JqwikTestEngine.executeTests(JqwikTestEngine.java:70) ~[jqwik-engine-1.7.4.jar:na]
	at net.jqwik.engine.JqwikTestEngine.execute(JqwikTestEngine.java:53) ~[jqwik-engine-1.7.4.jar:na]
	at org.junit.platform.launcher.core.EngineExecutionOrchestrator.execute(EngineExecutionOrchestrator.java:147) ~[junit-platform-launcher-1.9.3.jar:1.9.3]
	at org.junit.platform.launcher.core.EngineExecutionOrchestrator.execute(EngineExecutionOrchestrator.java:127) ~[junit-platform-launcher-1.9.3.jar:1.9.3]
	at org.junit.platform.launcher.core.EngineExecutionOrchestrator.execute(EngineExecutionOrchestrator.java:90) ~[junit-platform-launcher-1.9.3.jar:1.9.3]
	at org.junit.platform.launcher.core.EngineExecutionOrchestrator.lambda$execute$0(EngineExecutionOrchestrator.java:55) ~[junit-platform-launcher-1.9.3.jar:1.9.3]
	at org.junit.platform.launcher.core.EngineExecutionOrchestrator.withInterceptedStreams(EngineExecutionOrchestrator.java:102) ~[junit-platform-launcher-1.9.3.jar:1.9.3]
	at org.junit.platform.launcher.core.EngineExecutionOrchestrator.execute(EngineExecutionOrchestrator.java:54) ~[junit-platform-launcher-1.9.3.jar:1.9.3]
	at org.junit.platform.launcher.core.DefaultLauncher.execute(DefaultLauncher.java:114) ~[junit-platform-launcher-1.9.3.jar:1.9.3]
	at org.junit.platform.launcher.core.DefaultLauncher.execute(DefaultLauncher.java:86) ~[junit-platform-launcher-1.9.3.jar:1.9.3]
	at org.junit.platform.launcher.core.DefaultLauncherSession$DelegatingLauncher.execute(DefaultLauncherSession.java:86) ~[junit-platform-launcher-1.9.3.jar:1.9.3]
	at org.apache.maven.surefire.junitplatform.LazyLauncher.execute(LazyLauncher.java:50) ~[surefire-junit-platform-3.0.0.jar:3.0.0]
	at org.apache.maven.surefire.junitplatform.JUnitPlatformProvider.execute(JUnitPlatformProvider.java:184) ~[surefire-junit-platform-3.0.0.jar:3.0.0]
	at org.apache.maven.surefire.junitplatform.JUnitPlatformProvider.invokeAllTests(JUnitPlatformProvider.java:148) ~[surefire-junit-platform-3.0.0.jar:3.0.0]
	at org.apache.maven.surefire.junitplatform.JUnitPlatformProvider.invoke(JUnitPlatformProvider.java:122) ~[surefire-junit-platform-3.0.0.jar:3.0.0]
	at org.apache.maven.surefire.booter.ForkedBooter.runSuitesInProcess(ForkedBooter.java:385) ~[surefire-booter-3.0.0.jar:3.0.0]
	at org.apache.maven.surefire.booter.ForkedBooter.execute(ForkedBooter.java:162) ~[surefire-booter-3.0.0.jar:3.0.0]
	at org.apache.maven.surefire.booter.ForkedBooter.run(ForkedBooter.java:507) ~[surefire-booter-3.0.0.jar:3.0.0]
	at org.apache.maven.surefire.booter.ForkedBooter.main(ForkedBooter.java:495) ~[surefire-booter-3.0.0.jar:3.0.0]
Caused by: org.springframework.beans.factory.UnsatisfiedDependencyException: Error creating bean with name 'databaseMigrationRunner' defined in file [C:\Users\JAYANTH\Desktop\Glambook\backend\target\classes\com\salon\config\DatabaseMigrationRunner.class]: Unsatisfied dependency expressed through constructor parameter 0: Error creating bean with name 'dataSourceScriptDatabaseInitializer' defined in class path resource [org/springframework/boot/autoconfigure/sql/init/DataSourceInitializationConfiguration.class]: Failed to execute SQL script statement #1 of class path resource [fresh_setup.sql]: USE glambook
	at org.springframework.beans.factory.support.ConstructorResolver.createArgumentArray(ConstructorResolver.java:801) ~[spring-beans-6.0.13.jar:6.0.13]
	at org.springframework.beans.factory.support.ConstructorResolver.autowireConstructor(ConstructorResolver.java:240) ~[spring-beans-6.0.13.jar:6.0.13]
	at org.springframework.beans.factory.support.AbstractAutowireCapableBeanFactory.autowireConstructor(AbstractAutowireCapableBeanFactory.java:1352) ~[spring-beans-6.0.13.jar:6.0.13]
	at org.springframework.beans.factory.support.AbstractAutowireCapableBeanFactory.createBeanInstance(AbstractAutowireCapableBeanFactory.java:1189) ~[spring-beans-6.0.13.jar:6.0.13]
	at org.springframework.beans.factory.support.AbstractAutowireCapableBeanFactory.doCreateBean(AbstractAutowireCapableBeanFactory.java:560) ~[spring-beans-6.0.13.jar:6.0.13]
	at org.springframework.beans.factory.support.AbstractAutowireCapableBeanFactory.createBean(AbstractAutowireCapableBeanFactory.java:520) ~[spring-beans-6.0.13.jar:6.0.13]
	at org.springframework.beans.factory.support.AbstractBeanFactory.lambda$doGetBean$0(AbstractBeanFactory.java:325) ~[spring-beans-6.0.13.jar:6.0.13]
	at org.springframework.beans.factory.support.DefaultSingletonBeanRegistry.getSingleton(DefaultSingletonBeanRegistry.java:234) ~[spring-beans-6.0.13.jar:6.0.13]
	at org.springframework.beans.factory.support.AbstractBeanFactory.doGetBean(AbstractBeanFactory.java:323) ~[spring-beans-6.0.13.jar:6.0.13]
	at org.springframework.beans.factory.support.AbstractBeanFactory.getBean(AbstractBeanFactory.java:199) ~[spring-beans-6.0.13.jar:6.0.13]
	at org.springframework.beans.factory.support.DefaultListableBeanFactory.preInstantiateSingletons(DefaultListableBeanFactory.java:973) ~[spring-beans-6.0.13.jar:6.0.13]
	at org.springframework.context.support.AbstractApplicationContext.finishBeanFactoryInitialization(AbstractApplicationContext.java:950) ~[spring-context-6.0.13.jar:6.0.13]
	at org.springframework.context.support.AbstractApplicationContext.refresh(AbstractApplicationContext.java:616) ~[spring-context-6.0.13.jar:6.0.13]
	at org.springframework.boot.SpringApplication.refresh(SpringApplication.java:738) ~[spring-boot-3.1.5.jar:3.1.5]
	at org.springframework.boot.SpringApplication.refreshContext(SpringApplication.java:440) ~[spring-boot-3.1.5.jar:3.1.5]
	at org.springframework.boot.SpringApplication.run(SpringApplication.java:316) ~[spring-boot-3.1.5.jar:3.1.5]
	at org.springframework.boot.test.context.SpringBootContextLoader.lambda$loadContext$3(SpringBootContextLoader.java:137) ~[spring-boot-test-3.1.5.jar:3.1.5]
	at org.springframework.util.function.ThrowingSupplier.get(ThrowingSupplier.java:58) ~[spring-core-6.0.13.jar:6.0.13]
	at org.springframework.util.function.ThrowingSupplier.get(ThrowingSupplier.java:46) ~[spring-core-6.0.13.jar:6.0.13]
	at org.springframework.boot.SpringApplication.withHook(SpringApplication.java:1406) ~[spring-boot-3.1.5.jar:3.1.5]
	at org.springframework.boot.test.context.SpringBootContextLoader$ContextLoaderHook.run(SpringBootContextLoader.java:545) ~[spring-boot-test-3.1.5.jar:3.1.5]
	at org.springframework.boot.test.context.SpringBootContextLoader.loadContext(SpringBootContextLoader.java:137) ~[spring-boot-test-3.1.5.jar:3.1.5]
	at org.springframework.boot.test.context.SpringBootContextLoader.loadContext(SpringBootContextLoader.java:108) ~[spring-boot-test-3.1.5.jar:3.1.5]
	at org.springframework.test.context.cache.DefaultCacheAwareContextLoaderDelegate.loadContextInternal(DefaultCacheAwareContextLoaderDelegate.java:187) ~[spring-test-6.0.13.jar:6.0.13]
	at org.springframework.test.context.cache.DefaultCacheAwareContextLoaderDelegate.loadContext(DefaultCacheAwareContextLoaderDelegate.java:119) ~[spring-test-6.0.13.jar:6.0.13]
	... 60 common frames omitted
Caused by: org.springframework.beans.factory.BeanCreationException: Error creating bean with name 'dataSourceScriptDatabaseInitializer' defined in class path resource [org/springframework/boot/autoconfigure/sql/init/DataSourceInitializationConfiguration.class]: Failed to execute SQL script statement #1 of class path resource [fresh_setup.sql]: USE glambook
	at org.springframework.beans.factory.support.AbstractAutowireCapableBeanFactory.initializeBean(AbstractAutowireCapableBeanFactory.java:1770) ~[spring-beans-6.0.13.jar:6.0.13]
	at org.springframework.beans.factory.support.AbstractAutowireCapableBeanFactory.doCreateBean(AbstractAutowireCapableBeanFactory.java:598) ~[spring-beans-6.0.13.jar:6.0.13]
	at org.springframework.beans.factory.support.AbstractAutowireCapableBeanFactory.createBean(AbstractAutowireCapableBeanFactory.java:520) ~[spring-beans-6.0.13.jar:6.0.13]
	at org.springframework.beans.factory.support.AbstractBeanFactory.lambda$doGetBean$0(AbstractBeanFactory.java:325) ~[spring-beans-6.0.13.jar:6.0.13]
	at org.springframework.beans.factory.support.DefaultSingletonBeanRegistry.getSingleton(DefaultSingletonBeanRegistry.java:234) ~[spring-beans-6.0.13.jar:6.0.13]
	at org.springframework.beans.factory.support.AbstractBeanFactory.doGetBean(AbstractBeanFactory.java:323) ~[spring-beans-6.0.13.jar:6.0.13]
	at org.springframework.beans.factory.support.AbstractBeanFactory.getBean(AbstractBeanFactory.java:199) ~[spring-beans-6.0.13.jar:6.0.13]
	at org.springframework.beans.factory.support.AbstractBeanFactory.doGetBean(AbstractBeanFactory.java:312) ~[spring-beans-6.0.13.jar:6.0.13]
	at org.springframework.beans.factory.support.AbstractBeanFactory.getBean(AbstractBeanFactory.java:199) ~[spring-beans-6.0.13.jar:6.0.13]
	at org.springframework.beans.factory.config.DependencyDescriptor.resolveCandidate(DependencyDescriptor.java:254) ~[spring-beans-6.0.13.jar:6.0.13]
	at org.springframework.beans.factory.support.DefaultListableBeanFactory.doResolveDependency(DefaultListableBeanFactory.java:1417) ~[spring-beans-6.0.13.jar:6.0.13]
	at org.springframework.beans.factory.support.DefaultListableBeanFactory.resolveDependency(DefaultListableBeanFactory.java:1337) ~[spring-beans-6.0.13.jar:6.0.13]
	at org.springframework.beans.factory.support.ConstructorResolver.resolveAutowiredArgument(ConstructorResolver.java:910) ~[spring-beans-6.0.13.jar:6.0.13]
	at org.springframework.beans.factory.support.ConstructorResolver.createArgumentArray(ConstructorResolver.java:788) ~[spring-beans-6.0.13.jar:6.0.13]
	... 84 common frames omitted
Caused by: org.springframework.jdbc.datasource.init.ScriptStatementFailedException: Failed to execute SQL script statement #1 of class path resource [fresh_setup.sql]: USE glambook
	at org.springframework.jdbc.datasource.init.ScriptUtils.executeSqlScript(ScriptUtils.java:282) ~[spring-jdbc-6.0.13.jar:6.0.13]
	at org.springframework.jdbc.datasource.init.ResourceDatabasePopulator.populate(ResourceDatabasePopulator.java:254) ~[spring-jdbc-6.0.13.jar:6.0.13]
	at org.springframework.jdbc.datasource.init.DatabasePopulatorUtils.execute(DatabasePopulatorUtils.java:54) ~[spring-jdbc-6.0.13.jar:6.0.13]
	at org.springframework.boot.jdbc.init.DataSourceScriptDatabaseInitializer.runScripts(DataSourceScriptDatabaseInitializer.java:87) ~[spring-boot-3.1.5.jar:3.1.5]
	at org.springframework.boot.sql.init.AbstractScriptDatabaseInitializer.runScripts(AbstractScriptDatabaseInitializer.java:146) ~[spring-boot-3.1.5.jar:3.1.5]
	at org.springframework.boot.sql.init.AbstractScriptDatabaseInitializer.applyScripts(AbstractScriptDatabaseInitializer.java:108) ~[spring-boot-3.1.5.jar:3.1.5]
	at org.springframework.boot.sql.init.AbstractScriptDatabaseInitializer.applySchemaScripts(AbstractScriptDatabaseInitializer.java:98) ~[spring-boot-3.1.5.jar:3.1.5]
	at org.springframework.boot.sql.init.AbstractScriptDatabaseInitializer.initializeDatabase(AbstractScriptDatabaseInitializer.java:76) ~[spring-boot-3.1.5.jar:3.1.5]
	at org.springframework.boot.sql.init.AbstractScriptDatabaseInitializer.afterPropertiesSet(AbstractScriptDatabaseInitializer.java:66) ~[spring-boot-3.1.5.jar:3.1.5]
	at org.springframework.beans.factory.support.AbstractAutowireCapableBeanFactory.invokeInitMethods(AbstractAutowireCapableBeanFactory.java:1817) ~[spring-beans-6.0.13.jar:6.0.13]
	at org.springframework.beans.factory.support.AbstractAutowireCapableBeanFactory.initializeBean(AbstractAutowireCapableBeanFactory.java:1766) ~[spring-beans-6.0.13.jar:6.0.13]
	... 97 common frames omitted
Caused by: org.h2.jdbc.JdbcSQLSyntaxErrorException: Schema "GLAMBOOK" not found; SQL statement:
USE glambook [90079-214]
	at org.h2.message.DbException.getJdbcSQLException(DbException.java:632) ~[h2-2.1.214.jar:2.1.214]
	at org.h2.message.DbException.getJdbcSQLException(DbException.java:477) ~[h2-2.1.214.jar:2.1.214]
	at org.h2.message.DbException.get(DbException.java:223) ~[h2-2.1.214.jar:2.1.214]
	at org.h2.message.DbException.get(DbException.java:199) ~[h2-2.1.214.jar:2.1.214]
	at org.h2.engine.Database.getSchema(Database.java:1546) ~[h2-2.1.214.jar:2.1.214]
	at org.h2.command.dml.Set.update(Set.java:397) ~[h2-2.1.214.jar:2.1.214]
	at org.h2.command.CommandContainer.update(CommandContainer.java:169) ~[h2-2.1.214.jar:2.1.214]
	at org.h2.command.Command.executeUpdate(Command.java:252) ~[h2-2.1.214.jar:2.1.214]
	at org.h2.jdbc.JdbcStatement.executeInternal(JdbcStatement.java:252) ~[h2-2.1.214.jar:2.1.214]
	at org.h2.jdbc.JdbcStatement.execute(JdbcStatement.java:223) ~[h2-2.1.214.jar:2.1.214]
	at com.zaxxer.hikari.pool.ProxyStatement.execute(ProxyStatement.java:94) ~[HikariCP-5.0.1.jar:na]
	at com.zaxxer.hikari.pool.HikariProxyStatement.execute(HikariProxyStatement.java) ~[HikariCP-5.0.1.jar:na]
	at org.springframework.jdbc.datasource.init.ScriptUtils.executeSqlScript(ScriptUtils.java:261) ~[spring-jdbc-6.0.13.jar:6.0.13]
	... 107 common frames omitted

timestamp = 2026-05-17T14:45:07.224544800, AuthServicePropertyTest:unregisteredEmailReturns401OnLogin = 
  java.lang.IllegalStateException:
    Failed to load ApplicationContext for [WebMergedContextConfiguration@6a82901d testClass = com.salon.auth.AuthServicePropertyTest, locations = [], classes = [com.salon.SalonManagementApplication], contextInitializerClasses = [], activeProfiles = ["test"], propertySourceLocations = [], propertySourceProperties = ["org.springframework.boot.test.context.SpringBootTestContextBootstrapper=true"], contextCustomizers = [org.springframework.boot.test.context.filter.ExcludeFilterContextCustomizer@3440e9cd, org.springframework.boot.test.json.DuplicateJsonObjectContextCustomizerFactory$DuplicateJsonObjectContextCustomizer@1163a27, org.springframework.boot.test.mock.mockito.MockitoContextCustomizer@0, org.springframework.boot.test.web.client.TestRestTemplateContextCustomizer@3e5b2630, org.springframework.boot.test.autoconfigure.actuate.observability.ObservabilityContextCustomizerFactory$DisableObservabilityContextCustomizer@1f, org.springframework.boot.test.autoconfigure.properties.PropertyMappingContextCustomizer@0, org.springframework.boot.test.autoconfigure.web.servlet.WebDriverContextCustomizer@713ec32d, org.springframework.boot.test.context.SpringBootTestAnnotation@34dfaa41], resourceBasePath = "src/main/webapp", contextLoader = org.springframework.boot.test.context.SpringBootContextLoader, parent = null]

                              |-----------------------jqwik-----------------------
tries = 1                     | # of calls to property
checks = 1                    | # of not rejected calls
generation = RANDOMIZED       | parameters are randomly generated
after-failure = SAMPLE_FIRST  | try previously failed sample, then previous seed
when-fixed-seed = ALLOW       | fixing the random seed is allowed
edge-cases#mode = MIXIN       | edge cases are mixed in
edge-cases#total = 12         | # of all combined edge cases
edge-cases#tried = 0          | # of edge cases tried in current run
seed = -8262440912197641703   | random seed to reproduce generated values

Sample
------
  emailPrefix: "AAAAA"
  password: "AAAAAAAA"


]]></system-out>
    <system-err><![CDATA[


============================
CONDITIONS EVALUATION REPORT
============================


Positive matches:
-----------------

    None


Negative matches:
-----------------

    None


Exclusions:
-----------

    None


Unconditional classes:
----------------------

    None



]]></system-err>
  </testcase>
  <testcase name="duplicateEmailRegistrationThrowsValidationException" classname="com.salon.auth.AuthServicePropertyTest" time="0.417">
    <error message="Failed to load ApplicationContext for [WebMergedContextConfiguration@6a82901d testClass = com.salon.auth.AuthServicePropertyTest, locations = [], classes = [com.salon.SalonManagementApplication], contextInitializerClasses = [], activeProfiles = [&quot;test&quot;], propertySourceLocations = [], propertySourceProperties = [&quot;org.springframework.boot.test.context.SpringBootTestContextBootstrapper=true&quot;], contextCustomizers = [org.springframework.boot.test.context.filter.ExcludeFilterContextCustomizer@3440e9cd, org.springframework.boot.test.json.DuplicateJsonObjectContextCustomizerFactory$DuplicateJsonObjectContextCustomizer@1163a27, org.springframework.boot.test.mock.mockito.MockitoContextCustomizer@0, org.springframework.boot.test.web.client.TestRestTemplateContextCustomizer@3e5b2630, org.springframework.boot.test.autoconfigure.actuate.observability.ObservabilityContextCustomizerFactory$DisableObservabilityContextCustomizer@1f, org.springframework.boot.test.autoconfigure.properties.PropertyMappingContextCustomizer@0, org.springframework.boot.test.autoconfigure.web.servlet.WebDriverContextCustomizer@713ec32d, org.springframework.boot.test.context.SpringBootTestAnnotation@34dfaa41], resourceBasePath = &quot;src/main/webapp&quot;, contextLoader = org.springframework.boot.test.context.SpringBootContextLoader, parent = null]" type="java.lang.IllegalStateException"><![CDATA[java.lang.IllegalStateException: Failed to load ApplicationContext for [WebMergedContextConfiguration@6a82901d testClass = com.salon.auth.AuthServicePropertyTest, locations = [], classes = [com.salon.SalonManagementApplication], contextInitializerClasses = [], activeProfiles = ["test"], propertySourceLocations = [], propertySourceProperties = ["org.springframework.boot.test.context.SpringBootTestContextBootstrapper=true"], contextCustomizers = [org.springframework.boot.test.context.filter.ExcludeFilterContextCustomizer@3440e9cd, org.springframework.boot.test.json.DuplicateJsonObjectContextCustomizerFactory$DuplicateJsonObjectContextCustomizer@1163a27, org.springframework.boot.test.mock.mockito.MockitoContextCustomizer@0, org.springframework.boot.test.web.client.TestRestTemplateContextCustomizer@3e5b2630, org.springframework.boot.test.autoconfigure.actuate.observability.ObservabilityContextCustomizerFactory$DisableObservabilityContextCustomizer@1f, org.springframework.boot.test.autoconfigure.properties.PropertyMappingContextCustomizer@0, org.springframework.boot.test.autoconfigure.web.servlet.WebDriverContextCustomizer@713ec32d, org.springframework.boot.test.context.SpringBootTestAnnotation@34dfaa41], resourceBasePath = "src/main/webapp", contextLoader = org.springframework.boot.test.context.SpringBootContextLoader, parent = null]
	at org.springframework.test.context.cache.DefaultCacheAwareContextLoaderDelegate.loadContext(DefaultCacheAwareContextLoaderDelegate.java:143)
	at org.springframework.test.context.support.DefaultTestContext.getApplicationContext(DefaultTestContext.java:127)
	at org.springframework.test.context.web.ServletTestExecutionListener.setUpRequestContextIfNecessary(ServletTestExecutionListener.java:191)
	at org.springframework.test.context.web.ServletTestExecutionListener.prepareTestInstance(ServletTestExecutionListener.java:130)
	at org.springframework.test.context.TestContextManager.prepareTestInstance(TestContextManager.java:241)
	at net.jqwik.spring.OutsideLifecycleMethodsHook.lambda$prepareTestInstance$1(OutsideLifecycleMethodsHook.java:46)
	at net.jqwik.spring.JqwikSpringReflectionSupport.applyToInstances(JqwikSpringReflectionSupport.java:20)
	at net.jqwik.spring.OutsideLifecycleMethodsHook.prepareTestInstance(OutsideLifecycleMethodsHook.java:44)
	at net.jqwik.spring.OutsideLifecycleMethodsHook.aroundTry(OutsideLifecycleMethodsHook.java:22)
	at net.jqwik.engine.execution.lifecycle.HookSupport.lambda$wrap$3(HookSupport.java:53)
	at net.jqwik.engine.execution.lifecycle.HookSupport.lambda$wrap$2(HookSupport.java:48)
	at net.jqwik.engine.hooks.lifecycle.BeforeTryMembersHook.aroundTry(BeforeTryMembersHook.java:69)
	at net.jqwik.engine.execution.lifecycle.HookSupport.lambda$wrap$3(HookSupport.java:53)
	at net.jqwik.engine.execution.CheckedPropertyFactory.lambda$createTryExecutor$0(CheckedPropertyFactory.java:60)
	at net.jqwik.engine.execution.lifecycle.AroundTryLifecycle.execute(AroundTryLifecycle.java:23)
	at net.jqwik.engine.properties.GenericProperty.testPredicate(GenericProperty.java:166)
	at net.jqwik.engine.properties.GenericProperty.check(GenericProperty.java:68)
	at net.jqwik.engine.execution.CheckedProperty.check(CheckedProperty.java:67)
	at net.jqwik.engine.execution.PropertyMethodExecutor.executeProperty(PropertyMethodExecutor.java:90)
	at net.jqwik.engine.execution.PropertyMethodExecutor.executeMethod(PropertyMethodExecutor.java:69)
	at net.jqwik.engine.execution.PropertyMethodExecutor.lambda$execute$0(PropertyMethodExecutor.java:49)
	at net.jqwik.api.lifecycle.AroundPropertyHook.lambda$static$0(AroundPropertyHook.java:46)
	at net.jqwik.engine.execution.lifecycle.HookSupport.lambda$wrap$0(HookSupport.java:26)
	at net.jqwik.api.lifecycle.PropertyExecutor.executeAndFinally(PropertyExecutor.java:39)
	at net.jqwik.engine.hooks.lifecycle.PropertyLifecycleMethodsHook.aroundProperty(PropertyLifecycleMethodsHook.java:56)
	at net.jqwik.engine.execution.lifecycle.HookSupport.lambda$wrap$1(HookSupport.java:31)
	at net.jqwik.engine.execution.lifecycle.HookSupport.lambda$wrap$0(HookSupport.java:26)
	at net.jqwik.engine.hooks.statistics.StatisticsHook.aroundProperty(StatisticsHook.java:37)
	at net.jqwik.engine.execution.lifecycle.HookSupport.lambda$wrap$1(HookSupport.java:31)
	at net.jqwik.engine.execution.lifecycle.HookSupport.lambda$wrap$0(HookSupport.java:26)
	at net.jqwik.engine.hooks.lifecycle.AutoCloseableHook.aroundProperty(AutoCloseableHook.java:13)
	at net.jqwik.engine.execution.lifecycle.HookSupport.lambda$wrap$1(HookSupport.java:31)
	at net.jqwik.engine.execution.PropertyMethodExecutor.execute(PropertyMethodExecutor.java:47)
	at net.jqwik.engine.execution.PropertyTaskCreator.executeTestMethod(PropertyTaskCreator.java:166)
	at net.jqwik.engine.execution.PropertyTaskCreator.lambda$createTask$1(PropertyTaskCreator.java:51)
	at net.jqwik.engine.execution.lifecycle.CurrentDomainContext.runWithContext(CurrentDomainContext.java:28)
	at net.jqwik.engine.execution.PropertyTaskCreator.lambda$createTask$2(PropertyTaskCreator.java:50)
	at net.jqwik.engine.execution.pipeline.ExecutionTask$1.lambda$execute$0(ExecutionTask.java:31)
	at net.jqwik.engine.execution.lifecycle.CurrentTestDescriptor.runWithDescriptor(CurrentTestDescriptor.java:17)
	at net.jqwik.engine.execution.pipeline.ExecutionTask$1.execute(ExecutionTask.java:31)
	at net.jqwik.engine.execution.pipeline.ExecutionPipeline.runToTermination(ExecutionPipeline.java:82)
	at net.jqwik.engine.execution.JqwikExecutor.execute(JqwikExecutor.java:46)
	at net.jqwik.engine.JqwikTestEngine.executeTests(JqwikTestEngine.java:70)
	at net.jqwik.engine.JqwikTestEngine.execute(JqwikTestEngine.java:53)
	at org.junit.platform.launcher.core.EngineExecutionOrchestrator.execute(EngineExecutionOrchestrator.java:147)
	at org.junit.platform.launcher.core.EngineExecutionOrchestrator.execute(EngineExecutionOrchestrator.java:127)
	at org.junit.platform.launcher.core.EngineExecutionOrchestrator.execute(EngineExecutionOrchestrator.java:90)
	at org.junit.platform.launcher.core.EngineExecutionOrchestrator.lambda$execute$0(EngineExecutionOrchestrator.java:55)
	at org.junit.platform.launcher.core.EngineExecutionOrchestrator.withInterceptedStreams(EngineExecutionOrchestrator.java:102)
	at org.junit.platform.launcher.core.EngineExecutionOrchestrator.execute(EngineExecutionOrchestrator.java:54)
	at org.junit.platform.launcher.core.DefaultLauncher.execute(DefaultLauncher.java:114)
	at org.junit.platform.launcher.core.DefaultLauncher.execute(DefaultLauncher.java:86)
	at org.junit.platform.launcher.core.DefaultLauncherSession$DelegatingLauncher.execute(DefaultLauncherSession.java:86)
	at org.apache.maven.surefire.junitplatform.LazyLauncher.execute(LazyLauncher.java:50)
	at org.apache.maven.surefire.junitplatform.JUnitPlatformProvider.execute(JUnitPlatformProvider.java:184)
	at org.apache.maven.surefire.junitplatform.JUnitPlatformProvider.invokeAllTests(JUnitPlatformProvider.java:148)
	at org.apache.maven.surefire.junitplatform.JUnitPlatformProvider.invoke(JUnitPlatformProvider.java:122)
	at org.apache.maven.surefire.booter.ForkedBooter.runSuitesInProcess(ForkedBooter.java:385)
	at org.apache.maven.surefire.booter.ForkedBooter.execute(ForkedBooter.java:162)
	at org.apache.maven.surefire.booter.ForkedBooter.run(ForkedBooter.java:507)
	at org.apache.maven.surefire.booter.ForkedBooter.main(ForkedBooter.java:495)
Caused by: org.springframework.beans.factory.UnsatisfiedDependencyException: Error creating bean with name 'databaseMigrationRunner' defined in file [C:\Users\JAYANTH\Desktop\Glambook\backend\target\classes\com\salon\config\DatabaseMigrationRunner.class]: Unsatisfied dependency expressed through constructor parameter 0: Error creating bean with name 'dataSourceScriptDatabaseInitializer' defined in class path resource [org/springframework/boot/autoconfigure/sql/init/DataSourceInitializationConfiguration.class]: Failed to execute SQL script statement #1 of class path resource [fresh_setup.sql]: USE glambook
	at org.springframework.beans.factory.support.ConstructorResolver.createArgumentArray(ConstructorResolver.java:801)
	at org.springframework.beans.factory.support.ConstructorResolver.autowireConstructor(ConstructorResolver.java:240)
	at org.springframework.beans.factory.support.AbstractAutowireCapableBeanFactory.autowireConstructor(AbstractAutowireCapableBeanFactory.java:1352)
	at org.springframework.beans.factory.support.AbstractAutowireCapableBeanFactory.createBeanInstance(AbstractAutowireCapableBeanFactory.java:1189)
	at org.springframework.beans.factory.support.AbstractAutowireCapableBeanFactory.doCreateBean(AbstractAutowireCapableBeanFactory.java:560)
	at org.springframework.beans.factory.support.AbstractAutowireCapableBeanFactory.createBean(AbstractAutowireCapableBeanFactory.java:520)
	at org.springframework.beans.factory.support.AbstractBeanFactory.lambda$doGetBean$0(AbstractBeanFactory.java:325)
	at org.springframework.beans.factory.support.DefaultSingletonBeanRegistry.getSingleton(DefaultSingletonBeanRegistry.java:234)
	at org.springframework.beans.factory.support.AbstractBeanFactory.doGetBean(AbstractBeanFactory.java:323)
	at org.springframework.beans.factory.support.AbstractBeanFactory.getBean(AbstractBeanFactory.java:199)
	at org.springframework.beans.factory.support.DefaultListableBeanFactory.preInstantiateSingletons(DefaultListableBeanFactory.java:973)
	at org.springframework.context.support.AbstractApplicationContext.finishBeanFactoryInitialization(AbstractApplicationContext.java:950)
	at org.springframework.context.support.AbstractApplicationContext.refresh(AbstractApplicationContext.java:616)
	at org.springframework.boot.SpringApplication.refresh(SpringApplication.java:738)
	at org.springframework.boot.SpringApplication.refreshContext(SpringApplication.java:440)
	at org.springframework.boot.SpringApplication.run(SpringApplication.java:316)
	at org.springframework.boot.test.context.SpringBootContextLoader.lambda$loadContext$3(SpringBootContextLoader.java:137)
	at org.springframework.util.function.ThrowingSupplier.get(ThrowingSupplier.java:58)
	at org.springframework.util.function.ThrowingSupplier.get(ThrowingSupplier.java:46)
	at org.springframework.boot.SpringApplication.withHook(SpringApplication.java:1406)
	at org.springframework.boot.test.context.SpringBootContextLoader$ContextLoaderHook.run(SpringBootContextLoader.java:545)
	at org.springframework.boot.test.context.SpringBootContextLoader.loadContext(SpringBootContextLoader.java:137)
	at org.springframework.boot.test.context.SpringBootContextLoader.loadContext(SpringBootContextLoader.java:108)
	at org.springframework.test.context.cache.DefaultCacheAwareContextLoaderDelegate.loadContextInternal(DefaultCacheAwareContextLoaderDelegate.java:187)
	at org.springframework.test.context.cache.DefaultCacheAwareContextLoaderDelegate.loadContext(DefaultCacheAwareContextLoaderDelegate.java:119)
	... 60 more
Caused by: org.springframework.beans.factory.BeanCreationException: Error creating bean with name 'dataSourceScriptDatabaseInitializer' defined in class path resource [org/springframework/boot/autoconfigure/sql/init/DataSourceInitializationConfiguration.class]: Failed to execute SQL script statement #1 of class path resource [fresh_setup.sql]: USE glambook
	at org.springframework.beans.factory.support.AbstractAutowireCapableBeanFactory.initializeBean(AbstractAutowireCapableBeanFactory.java:1770)
	at org.springframework.beans.factory.support.AbstractAutowireCapableBeanFactory.doCreateBean(AbstractAutowireCapableBeanFactory.java:598)
	at org.springframework.beans.factory.support.AbstractAutowireCapableBeanFactory.createBean(AbstractAutowireCapableBeanFactory.java:520)
	at org.springframework.beans.factory.support.AbstractBeanFactory.lambda$doGetBean$0(AbstractBeanFactory.java:325)
	at org.springframework.beans.factory.support.DefaultSingletonBeanRegistry.getSingleton(DefaultSingletonBeanRegistry.java:234)
	at org.springframework.beans.factory.support.AbstractBeanFactory.doGetBean(AbstractBeanFactory.java:323)
	at org.springframework.beans.factory.support.AbstractBeanFactory.getBean(AbstractBeanFactory.java:199)
	at org.springframework.beans.factory.support.AbstractBeanFactory.doGetBean(AbstractBeanFactory.java:312)
	at org.springframework.beans.factory.support.AbstractBeanFactory.getBean(AbstractBeanFactory.java:199)
	at org.springframework.beans.factory.config.DependencyDescriptor.resolveCandidate(DependencyDescriptor.java:254)
	at org.springframework.beans.factory.support.DefaultListableBeanFactory.doResolveDependency(DefaultListableBeanFactory.java:1417)
	at org.springframework.beans.factory.support.DefaultListableBeanFactory.resolveDependency(DefaultListableBeanFactory.java:1337)
	at org.springframework.beans.factory.support.ConstructorResolver.resolveAutowiredArgument(ConstructorResolver.java:910)
	at org.springframework.beans.factory.support.ConstructorResolver.createArgumentArray(ConstructorResolver.java:788)
	... 84 more
Caused by: org.springframework.jdbc.datasource.init.ScriptStatementFailedException: Failed to execute SQL script statement #1 of class path resource [fresh_setup.sql]: USE glambook
	at org.springframework.jdbc.datasource.init.ScriptUtils.executeSqlScript(ScriptUtils.java:282)
	at org.springframework.jdbc.datasource.init.ResourceDatabasePopulator.populate(ResourceDatabasePopulator.java:254)
	at org.springframework.jdbc.datasource.init.DatabasePopulatorUtils.execute(DatabasePopulatorUtils.java:54)
	at org.springframework.boot.jdbc.init.DataSourceScriptDatabaseInitializer.runScripts(DataSourceScriptDatabaseInitializer.java:87)
	at org.springframework.boot.sql.init.AbstractScriptDatabaseInitializer.runScripts(AbstractScriptDatabaseInitializer.java:146)
	at org.springframework.boot.sql.init.AbstractScriptDatabaseInitializer.applyScripts(AbstractScriptDatabaseInitializer.java:108)
	at org.springframework.boot.sql.init.AbstractScriptDatabaseInitializer.applySchemaScripts(AbstractScriptDatabaseInitializer.java:98)
	at org.springframework.boot.sql.init.AbstractScriptDatabaseInitializer.initializeDatabase(AbstractScriptDatabaseInitializer.java:76)
	at org.springframework.boot.sql.init.AbstractScriptDatabaseInitializer.afterPropertiesSet(AbstractScriptDatabaseInitializer.java:66)
	at org.springframework.beans.factory.support.AbstractAutowireCapableBeanFactory.invokeInitMethods(AbstractAutowireCapableBeanFactory.java:1817)
	at org.springframework.beans.factory.support.AbstractAutowireCapableBeanFactory.initializeBean(AbstractAutowireCapableBeanFactory.java:1766)
	... 97 more
Caused by: org.h2.jdbc.JdbcSQLSyntaxErrorException: Schema "GLAMBOOK" not found; SQL statement:
USE glambook [90079-214]
	at org.h2.message.DbException.getJdbcSQLException(DbException.java:632)
	at org.h2.message.DbException.getJdbcSQLException(DbException.java:477)
	at org.h2.message.DbException.get(DbException.java:223)
	at org.h2.message.DbException.get(DbException.java:199)
	at org.h2.engine.Database.getSchema(Database.java:1546)
	at org.h2.command.dml.Set.update(Set.java:397)
	at org.h2.command.CommandContainer.update(CommandContainer.java:169)
	at org.h2.command.Command.executeUpdate(Command.java:252)
	at org.h2.jdbc.JdbcStatement.executeInternal(JdbcStatement.java:252)
	at org.h2.jdbc.JdbcStatement.execute(JdbcStatement.java:223)
	at com.zaxxer.hikari.pool.ProxyStatement.execute(ProxyStatement.java:94)
	at com.zaxxer.hikari.pool.HikariProxyStatement.execute(HikariProxyStatement.java)
	at org.springframework.jdbc.datasource.init.ScriptUtils.executeSqlScript(ScriptUtils.java:261)
	... 107 more
]]></error>
    <system-out><![CDATA[
  .   ____          _            __ _ _
[...]
	at net.jqwik.spring.JqwikSpringReflectionSupport.applyToInstances(JqwikSpringReflectionSupport.java:20) ~[jqwik-spring-0.9.0.jar:na]
	at net.jqwik.spring.OutsideLifecycleMethodsHook.prepareTestInstance(OutsideLifecycleMethodsHook.java:44) ~[jqwik-spring-0.9.0.jar:na]
	at net.jqwik.spring.OutsideLifecycleMethodsHook.aroundTry(OutsideLifecycleMethodsHook.java:22) ~[jqwik-spring-0.9.0.jar:na]
	at net.jqwik.engine.execution.lifecycle.HookSupport.lambda$wrap$3(HookSupport.java:53) ~[jqwik-engine-1.7.4.jar:na]
	at net.jqwik.engine.execution.lifecycle.HookSupport.lambda$wrap$2(HookSupport.java:48) ~[jqwik-engine-1.7.4.jar:na]
	at net.jqwik.engine.hooks.lifecycle.BeforeTryMembersHook.aroundTry(BeforeTryMembersHook.java:69) ~[jqwik-engine-1.7.4.jar:na]
	at net.jqwik.engine.execution.lifecycle.HookSupport.lambda$wrap$3(HookSupport.java:53) ~[jqwik-engine-1.7.4.jar:na]
	at net.jqwik.engine.execution.CheckedPropertyFactory.lambda$createTryExecutor$0(CheckedPropertyFactory.java:60) ~[jqwik-engine-1.7.4.jar:na]
	at net.jqwik.engine.execution.lifecycle.AroundTryLifecycle.execute(AroundTryLifecycle.java:23) ~[jqwik-engine-1.7.4.jar:na]
	at net.jqwik.engine.properties.GenericProperty.testPredicate(GenericProperty.java:166) ~[jqwik-engine-1.7.4.jar:na]
	at net.jqwik.engine.properties.GenericProperty.check(GenericProperty.java:68) ~[jqwik-engine-1.7.4.jar:na]
	at net.jqwik.engine.execution.CheckedProperty.check(CheckedProperty.java:67) ~[jqwik-engine-1.7.4.jar:na]
	at net.jqwik.engine.execution.PropertyMethodExecutor.executeProperty(PropertyMethodExecutor.java:90) ~[jqwik-engine-1.7.4.jar:na]
	at net.jqwik.engine.execution.PropertyMethodExecutor.executeMethod(PropertyMethodExecutor.java:69) ~[jqwik-engine-1.7.4.jar:na]
	at net.jqwik.engine.execution.PropertyMethodExecutor.lambda$execute$0(PropertyMethodExecutor.java:49) ~[jqwik-engine-1.7.4.jar:na]
	at net.jqwik.api.lifecycle.AroundPropertyHook.lambda$static$0(AroundPropertyHook.java:46) ~[jqwik-api-1.7.4.jar:na]
	at net.jqwik.engine.execution.lifecycle.HookSupport.lambda$wrap$0(HookSupport.java:26) ~[jqwik-engine-1.7.4.jar:na]
	at net.jqwik.api.lifecycle.PropertyExecutor.executeAndFinally(PropertyExecutor.java:39) ~[jqwik-api-1.7.4.jar:na]
	at net.jqwik.engine.hooks.lifecycle.PropertyLifecycleMethodsHook.aroundProperty(PropertyLifecycleMethodsHook.java:56) ~[jqwik-engine-1.7.4.jar:na]
	at net.jqwik.engine.execution.lifecycle.HookSupport.lambda$wrap$1(HookSupport.java:31) ~[jqwik-engine-1.7.4.jar:na]
	at net.jqwik.engine.execution.lifecycle.HookSupport.lambda$wrap$0(HookSupport.java:26) ~[jqwik-engine-1.7.4.jar:na]
	at net.jqwik.engine.hooks.statistics.StatisticsHook.aroundProperty(StatisticsHook.java:37) ~[jqwik-engine-1.7.4.jar:na]
	at net.jqwik.engine.execution.lifecycle.HookSupport.lambda$wrap$1(HookSupport.java:31) ~[jqwik-engine-1.7.4.jar:na]
	at net.jqwik.engine.execution.lifecycle.HookSupport.lambda$wrap$0(HookSupport.java:26) ~[jqwik-engine-1.7.4.jar:na]
	at net.jqwik.engine.hooks.lifecycle.AutoCloseableHook.aroundProperty(AutoCloseableHook.java:13) ~[jqwik-engine-1.7.4.jar:na]
	at net.jqwik.engine.execution.lifecycle.HookSupport.lambda$wrap$1(HookSupport.java:31) ~[jqwik-engine-1.7.4.jar:na]
	at net.jqwik.engine.execution.PropertyMethodExecutor.execute(PropertyMethodExecutor.java:47) ~[jqwik-engine-1.7.4.jar:na]
	at net.jqwik.engine.execution.PropertyTaskCreator.executeTestMethod(PropertyTaskCreator.java:166) ~[jqwik-engine-1.7.4.jar:na]
	at net.jqwik.engine.execution.PropertyTaskCreator.lambda$createTask$1(PropertyTaskCreator.java:51) ~[jqwik-engine-1.7.4.jar:na]
	at net.jqwik.engine.execution.lifecycle.CurrentDomainContext.runWithContext(CurrentDomainContext.java:28) ~[jqwik-engine-1.7.4.jar:na]
	at net.jqwik.engine.execution.PropertyTaskCreator.lambda$createTask$2(PropertyTaskCreator.java:50) ~[jqwik-engine-1.7.4.jar:na]
	at net.jqwik.engine.execution.pipeline.ExecutionTask$1.lambda$execute$0(ExecutionTask.java:31) ~[jqwik-engine-1.7.4.jar:na]
	at net.jqwik.engine.execution.lifecycle.CurrentTestDescriptor.runWithDescriptor(CurrentTestDescriptor.java:17) ~[jqwik-engine-1.7.4.jar:na]
	at net.jqwik.engine.execution.pipeline.ExecutionTask$1.execute(ExecutionTask.java:31) ~[jqwik-engine-1.7.4.jar:na]
	at net.jqwik.engine.execution.pipeline.ExecutionPipeline.runToTermination(ExecutionPipeline.java:82) ~[jqwik-engine-1.7.4.jar:na]
	at net.jqwik.engine.execution.JqwikExecutor.execute(JqwikExecutor.java:46) ~[jqwik-engine-1.7.4.jar:na]
	at net.jqwik.engine.JqwikTestEngine.executeTests(JqwikTestEngine.java:70) ~[jqwik-engine-1.7.4.jar:na]
	at net.jqwik.engine.JqwikTestEngine.execute(JqwikTestEngine.java:53) ~[jqwik-engine-1.7.4.jar:na]
	at org.junit.platform.launcher.core.EngineExecutionOrchestrator.execute(EngineExecutionOrchestrator.java:147) ~[junit-platform-launcher-1.9.3.jar:1.9.3]
	at org.junit.platform.launcher.core.EngineExecutionOrchestrator.execute(EngineExecutionOrchestrator.java:127) ~[junit-platform-launcher-1.9.3.jar:1.9.3]
	at org.junit.platform.launcher.core.EngineExecutionOrchestrator.execute(EngineExecutionOrchestrator.java:90) ~[junit-platform-launcher-1.9.3.jar:1.9.3]
	at org.junit.platform.launcher.core.EngineExecutionOrchestrator.lambda$execute$0(EngineExecutionOrchestrator.java:55) ~[junit-platform-launcher-1.9.3.jar:1.9.3]
	at org.junit.platform.launcher.core.EngineExecutionOrchestrator.withInterceptedStreams(EngineExecutionOrchestrator.java:102) ~[junit-platform-launcher-1.9.3.jar:1.9.3]
	at org.junit.platform.launcher.core.EngineExecutionOrchestrator.execute(EngineExecutionOrchestrator.java:54) ~[junit-platform-launcher-1.9.3.jar:1.9.3]
	at org.junit.platform.launcher.core.DefaultLauncher.execute(DefaultLauncher.java:114) ~[junit-platform-launcher-1.9.3.jar:1.9.3]
	at org.junit.platform.launcher.core.DefaultLauncher.execute(DefaultLauncher.java:86) ~[junit-platform-launcher-1.9.3.jar:1.9.3]
	at org.junit.platform.launcher.core.DefaultLauncherSession$DelegatingLauncher.execute(DefaultLauncherSession.java:86) ~[junit-platform-launcher-1.9.3.jar:1.9.3]
	at org.apache.maven.surefire.junitplatform.LazyLauncher.execute(LazyLauncher.java:50) ~[surefire-junit-platform-3.0.0.jar:3.0.0]
	at org.apache.maven.surefire.junitplatform.JUnitPlatformProvider.execute(JUnitPlatformProvider.java:184) ~[surefire-junit-platform-3.0.0.jar:3.0.0]
	at org.apache.maven.surefire.junitplatform.JUnitPlatformProvider.invokeAllTests(JUnitPlatformProvider.java:148) ~[surefire-junit-platform-3.0.0.jar:3.0.0]
	at org.apache.maven.surefire.junitplatform.JUnitPlatformProvider.invoke(JUnitPlatformProvider.java:122) ~[surefire-junit-platform-3.0.0.jar:3.0.0]
	at org.apache.maven.surefire.booter.ForkedBooter.runSuitesInProcess(ForkedBooter.java:385) ~[surefire-booter-3.0.0.jar:3.0.0]
	at org.apache.maven.surefire.booter.ForkedBooter.execute(ForkedBooter.java:162) ~[surefire-booter-3.0.0.jar:3.0.0]
	at org.apache.maven.surefire.booter.ForkedBooter.run(ForkedBooter.java:507) ~[surefire-booter-3.0.0.jar:3.0.0]
	at org.apache.maven.surefire.booter.ForkedBooter.main(ForkedBooter.java:495) ~[surefire-booter-3.0.0.jar:3.0.0]
Caused by: org.springframework.beans.factory.UnsatisfiedDependencyException: Error creating bean with name 'databaseMigrationRunner' defined in file [C:\Users\JAYANTH\Desktop\Glambook\backend\target\classes\com\salon\config\DatabaseMigrationRunner.class]: Unsatisfied dependency expressed through constructor parameter 0: Error creating bean with name 'dataSourceScriptDatabaseInitializer' defined in class path resource [org/springframework/boot/autoconfigure/sql/init/DataSourceInitializationConfiguration.class]: Failed to execute SQL script statement #1 of class path resource [fresh_setup.sql]: USE glambook
	at org.springframework.beans.factory.support.ConstructorResolver.createArgumentArray(ConstructorResolver.java:801) ~[spring-beans-6.0.13.jar:6.0.13]
	at org.springframework.beans.factory.support.ConstructorResolver.autowireConstructor(ConstructorResolver.java:240) ~[spring-beans-6.0.13.jar:6.0.13]
	at org.springframework.beans.factory.support.AbstractAutowireCapableBeanFactory.autowireConstructor(AbstractAutowireCapableBeanFactory.java:1352) ~[spring-beans-6.0.13.jar:6.0.13]
	at org.springframework.beans.factory.support.AbstractAutowireCapableBeanFactory.createBeanInstance(AbstractAutowireCapableBeanFactory.java:1189) ~[spring-beans-6.0.13.jar:6.0.13]
	at org.springframework.beans.factory.support.AbstractAutowireCapableBeanFactory.doCreateBean(AbstractAutowireCapableBeanFactory.java:560) ~[spring-beans-6.0.13.jar:6.0.13]
	at org.springframework.beans.factory.support.AbstractAutowireCapableBeanFactory.createBean(AbstractAutowireCapableBeanFactory.java:520) ~[spring-beans-6.0.13.jar:6.0.13]
	at org.springframework.beans.factory.support.AbstractBeanFactory.lambda$doGetBean$0(AbstractBeanFactory.java:325) ~[spring-beans-6.0.13.jar:6.0.13]
	at org.springframework.beans.factory.support.DefaultSingletonBeanRegistry.getSingleton(DefaultSingletonBeanRegistry.java:234) ~[spring-beans-6.0.13.jar:6.0.13]
	at org.springframework.beans.factory.support.AbstractBeanFactory.doGetBean(AbstractBeanFactory.java:323) ~[spring-beans-6.0.13.jar:6.0.13]
	at org.springframework.beans.factory.support.AbstractBeanFactory.getBean(AbstractBeanFactory.java:199) ~[spring-beans-6.0.13.jar:6.0.13]
	at org.springframework.beans.factory.support.DefaultListableBeanFactory.preInstantiateSingletons(DefaultListableBeanFactory.java:973) ~[spring-beans-6.0.13.jar:6.0.13]
	at org.springframework.context.support.AbstractApplicationContext.finishBeanFactoryInitialization(AbstractApplicationContext.java:950) ~[spring-context-6.0.13.jar:6.0.13]
	at org.springframework.context.support.AbstractApplicationContext.refresh(AbstractApplicationContext.java:616) ~[spring-context-6.0.13.jar:6.0.13]
	at org.springframework.boot.SpringApplication.refresh(SpringApplication.java:738) ~[spring-boot-3.1.5.jar:3.1.5]
	at org.springframework.boot.SpringApplication.refreshContext(SpringApplication.java:440) ~[spring-boot-3.1.5.jar:3.1.5]
	at org.springframework.boot.SpringApplication.run(SpringApplication.java:316) ~[spring-boot-3.1.5.jar:3.1.5]
	at org.springframework.boot.test.context.SpringBootContextLoader.lambda$loadContext$3(SpringBootContextLoader.java:137) ~[spring-boot-test-3.1.5.jar:3.1.5]
	at org.springframework.util.function.ThrowingSupplier.get(ThrowingSupplier.java:58) ~[spring-core-6.0.13.jar:6.0.13]
	at org.springframework.util.function.ThrowingSupplier.get(ThrowingSupplier.java:46) ~[spring-core-6.0.13.jar:6.0.13]
	at org.springframework.boot.SpringApplication.withHook(SpringApplication.java:1406) ~[spring-boot-3.1.5.jar:3.1.5]
	at org.springframework.boot.test.context.SpringBootContextLoader$ContextLoaderHook.run(SpringBootContextLoader.java:545) ~[spring-boot-test-3.1.5.jar:3.1.5]
	at org.springframework.boot.test.context.SpringBootContextLoader.loadContext(SpringBootContextLoader.java:137) ~[spring-boot-test-3.1.5.jar:3.1.5]
	at org.springframework.boot.test.context.SpringBootContextLoader.loadContext(SpringBootContextLoader.java:108) ~[spring-boot-test-3.1.5.jar:3.1.5]
	at org.springframework.test.context.cache.DefaultCacheAwareContextLoaderDelegate.loadContextInternal(DefaultCacheAwareContextLoaderDelegate.java:187) ~[spring-test-6.0.13.jar:6.0.13]
	at org.springframework.test.context.cache.DefaultCacheAwareContextLoaderDelegate.loadContext(DefaultCacheAwareContextLoaderDelegate.java:119) ~[spring-test-6.0.13.jar:6.0.13]
	... 60 common frames omitted
Caused by: org.springframework.beans.factory.BeanCreationException: Error creating bean with name 'dataSourceScriptDatabaseInitializer' defined in class path resource [org/springframework/boot/autoconfigure/sql/init/DataSourceInitializationConfiguration.class]: Failed to execute SQL script statement #1 of class path resource [fresh_setup.sql]: USE glambook
	at org.springframework.beans.factory.support.AbstractAutowireCapableBeanFactory.initializeBean(AbstractAutowireCapableBeanFactory.java:1770) ~[spring-beans-6.0.13.jar:6.0.13]
	at org.springframework.beans.factory.support.AbstractAutowireCapableBeanFactory.doCreateBean(AbstractAutowireCapableBeanFactory.java:598) ~[spring-beans-6.0.13.jar:6.0.13]
	at org.springframework.beans.factory.support.AbstractAutowireCapableBeanFactory.createBean(AbstractAutowireCapableBeanFactory.java:520) ~[spring-beans-6.0.13.jar:6.0.13]
	at org.springframework.beans.factory.support.AbstractBeanFactory.lambda$doGetBean$0(AbstractBeanFactory.java:325) ~[spring-beans-6.0.13.jar:6.0.13]
	at org.springframework.beans.factory.support.DefaultSingletonBeanRegistry.getSingleton(DefaultSingletonBeanRegistry.java:234) ~[spring-beans-6.0.13.jar:6.0.13]
	at org.springframework.beans.factory.support.AbstractBeanFactory.doGetBean(AbstractBeanFactory.java:323) ~[spring-beans-6.0.13.jar:6.0.13]
	at org.springframework.beans.factory.support.AbstractBeanFactory.getBean(AbstractBeanFactory.java:199) ~[spring-beans-6.0.13.jar:6.0.13]
	at org.springframework.beans.factory.support.AbstractBeanFactory.doGetBean(AbstractBeanFactory.java:312) ~[spring-beans-6.0.13.jar:6.0.13]
	at org.springframework.beans.factory.support.AbstractBeanFactory.getBean(AbstractBeanFactory.java:199) ~[spring-beans-6.0.13.jar:6.0.13]
	at org.springframework.beans.factory.config.DependencyDescriptor.resolveCandidate(DependencyDescriptor.java:254) ~[spring-beans-6.0.13.jar:6.0.13]
	at org.springframework.beans.factory.support.DefaultListableBeanFactory.doResolveDependency(DefaultListableBeanFactory.java:1417) ~[spring-beans-6.0.13.jar:6.0.13]
	at org.springframework.beans.factory.support.DefaultListableBeanFactory.resolveDependency(DefaultListableBeanFactory.java:1337) ~[spring-beans-6.0.13.jar:6.0.13]
	at org.springframework.beans.factory.support.ConstructorResolver.resolveAutowiredArgument(ConstructorResolver.java:910) ~[spring-beans-6.0.13.jar:6.0.13]
	at org.springframework.beans.factory.support.ConstructorResolver.createArgumentArray(ConstructorResolver.java:788) ~[spring-beans-6.0.13.jar:6.0.13]
	... 84 common frames omitted
Caused by: org.springframework.jdbc.datasource.init.ScriptStatementFailedException: Failed to execute SQL script statement #1 of class path resource [fresh_setup.sql]: USE glambook
	at org.springframework.jdbc.datasource.init.ScriptUtils.executeSqlScript(ScriptUtils.java:282) ~[spring-jdbc-6.0.13.jar:6.0.13]
	at org.springframework.jdbc.datasource.init.ResourceDatabasePopulator.populate(ResourceDatabasePopulator.java:254) ~[spring-jdbc-6.0.13.jar:6.0.13]
	at org.springframework.jdbc.datasource.init.DatabasePopulatorUtils.execute(DatabasePopulatorUtils.java:54) ~[spring-jdbc-6.0.13.jar:6.0.13]
	at org.springframework.boot.jdbc.init.DataSourceScriptDatabaseInitializer.runScripts(DataSourceScriptDatabaseInitializer.java:87) ~[spring-boot-3.1.5.jar:3.1.5]
	at org.springframework.boot.sql.init.AbstractScriptDatabaseInitializer.runScripts(AbstractScriptDatabaseInitializer.java:146) ~[spring-boot-3.1.5.jar:3.1.5]
	at org.springframework.boot.sql.init.AbstractScriptDatabaseInitializer.applyScripts(AbstractScriptDatabaseInitializer.java:108) ~[spring-boot-3.1.5.jar:3.1.5]
	at org.springframework.boot.sql.init.AbstractScriptDatabaseInitializer.applySchemaScripts(AbstractScriptDatabaseInitializer.java:98) ~[spring-boot-3.1.5.jar:3.1.5]
	at org.springframework.boot.sql.init.AbstractScriptDatabaseInitializer.initializeDatabase(AbstractScriptDatabaseInitializer.java:76) ~[spring-boot-3.1.5.jar:3.1.5]
	at org.springframework.boot.sql.init.AbstractScriptDatabaseInitializer.afterPropertiesSet(AbstractScriptDatabaseInitializer.java:66) ~[spring-boot-3.1.5.jar:3.1.5]
	at org.springframework.beans.factory.support.AbstractAutowireCapableBeanFactory.invokeInitMethods(AbstractAutowireCapableBeanFactory.java:1817) ~[spring-beans-6.0.13.jar:6.0.13]
	at org.springframework.beans.factory.support.AbstractAutowireCapableBeanFactory.initializeBean(AbstractAutowireCapableBeanFactory.java:1766) ~[spring-beans-6.0.13.jar:6.0.13]
	... 97 common frames omitted
Caused by: org.h2.jdbc.JdbcSQLSyntaxErrorException: Schema "GLAMBOOK" not found; SQL statement:
USE glambook [90079-214]
	at org.h2.message.DbException.getJdbcSQLException(DbException.java:632) ~[h2-2.1.214.jar:2.1.214]
	at org.h2.message.DbException.getJdbcSQLException(DbException.java:477) ~[h2-2.1.214.jar:2.1.214]
	at org.h2.message.DbException.get(DbException.java:223) ~[h2-2.1.214.jar:2.1.214]
	at org.h2.message.DbException.get(DbException.java:199) ~[h2-2.1.214.jar:2.1.214]
	at org.h2.engine.Database.getSchema(Database.java:1546) ~[h2-2.1.214.jar:2.1.214]
	at org.h2.command.dml.Set.update(Set.java:397) ~[h2-2.1.214.jar:2.1.214]
	at org.h2.command.CommandContainer.update(CommandContainer.java:169) ~[h2-2.1.214.jar:2.1.214]
	at org.h2.command.Command.executeUpdate(Command.java:252) ~[h2-2.1.214.jar:2.1.214]
	at org.h2.jdbc.JdbcStatement.executeInternal(JdbcStatement.java:252) ~[h2-2.1.214.jar:2.1.214]
	at org.h2.jdbc.JdbcStatement.execute(JdbcStatement.java:223) ~[h2-2.1.214.jar:2.1.214]
	at com.zaxxer.hikari.pool.ProxyStatement.execute(ProxyStatement.java:94) ~[HikariCP-5.0.1.jar:na]
	at com.zaxxer.hikari.pool.HikariProxyStatement.execute(HikariProxyStatement.java) ~[HikariCP-5.0.1.jar:na]
	at org.springframework.jdbc.datasource.init.ScriptUtils.executeSqlScript(ScriptUtils.java:261) ~[spring-jdbc-6.0.13.jar:6.0.13]
	... 107 common frames omitted

timestamp = 2026-05-17T14:45:08.341374600, AuthServicePropertyTest:professionalRegisteredWithCityXIsAssignedToSalonOwnerOfCityX = 
  java.lang.IllegalStateException:
    Failed to load ApplicationContext for [WebMergedContextConfiguration@6a82901d testClass = com.salon.auth.AuthServicePropertyTest, locations = [], classes = [com.salon.SalonManagementApplication], contextInitializerClasses = [], activeProfiles = ["test"], propertySourceLocations = [], propertySourceProperties = ["org.springframework.boot.test.context.SpringBootTestContextBootstrapper=true"], contextCustomizers = [org.springframework.boot.test.context.filter.ExcludeFilterContextCustomizer@3440e9cd, org.springframework.boot.test.json.DuplicateJsonObjectContextCustomizerFactory$DuplicateJsonObjectContextCustomizer@1163a27, org.springframework.boot.test.mock.mockito.MockitoContextCustomizer@0, org.springframework.boot.test.web.client.TestRestTemplateContextCustomizer@3e5b2630, org.springframework.boot.test.autoconfigure.actuate.observability.ObservabilityContextCustomizerFactory$DisableObservabilityContextCustomizer@1f, org.springframework.boot.test.autoconfigure.properties.PropertyMappingContextCustomizer@0, org.springframework.boot.test.autoconfigure.web.servlet.WebDriverContextCustomizer@713ec32d, org.springframework.boot.test.context.SpringBootTestAnnotation@34dfaa41], resourceBasePath = "src/main/webapp", contextLoader = org.springframework.boot.test.context.SpringBootContextLoader, parent = null]

                              |-----------------------jqwik-----------------------
tries = 1                     | # of calls to property
checks = 1                    | # of not rejected calls
generation = RANDOMIZED       | parameters are randomly generated
after-failure = SAMPLE_FIRST  | try previously failed sample, then previous seed
when-fixed-seed = ALLOW       | fixing the random seed is allowed
edge-cases#mode = MIXIN       | edge cases are mixed in
edge-cases#total = 8          | # of all combined edge cases
edge-cases#tried = 1          | # of edge cases tried in current run
seed = -2852268455015197261   | random seed to reproduce generated values

Sample
------
  name: "AA"
  emailPrefix: "AAAAA"
  city: "Visakhapatnam"


]]></system-out>
    <system-err><![CDATA[


============================
CONDITIONS EVALUATION REPORT
============================


Positive matches:
-----------------

    None


Negative matches:
-----------------

    None


Exclusions:
-----------

    None


Unconditional classes:
----------------------

    None



]]></system-err>
  </testcase>
</testsuite>